<?xml version="1.0" encoding="UTF-8"?>
<!DOCTYPE html PUBLIC "-//W3C//DTD XHTML 1.0 Strict//EN" "http://www.w3.org/TR/xhtml1/DTD/xhtml1-strict.dtd">
<html xmlns="http://www.w3.org/1999/xhtml">
<head>
    <title>测试报告</title>
    <meta name="generator" content="HTMLTestRunner 0.8.2"/>
    <meta http-equiv="Content-Type" content="text/html; charset=UTF-8"/>
    
<style type="text/css" media="screen">
body        { font-family: verdana, arial, helvetica, sans-serif; font-size: 80%; }
table       { font-size: 100%; }
pre         { }

/* -- heading ---------------------------------------------------------------------- */
h1 {
	font-size: 16pt;
	color: gray;
}
.heading {
    margin-top: 0ex;
    margin-bottom: 1ex;
}

.heading .attribute {
    margin-top: 1ex;
    margin-bottom: 0;
}

.heading .description {
    margin-top: 4ex;
    margin-bottom: 6ex;
}

/* -- css div popup ------------------------------------------------------------------------ */
a.popup_link {
}

a.popup_link:hover {
    color: red;
}

.popup_window {
    display: none;
    position: relative;
    left: 0px;
    top: 0px;
    /*border: solid #627173 1px; */
    padding: 10px;
    background-color: #E6E6D6;
    font-family: "Lucida Console", "Courier New", Courier, monospace;
    text-align: left;
    font-size: 8pt;
    width: 500px;
}

}
/* -- report ------------------------------------------------------------------------ */
#show_detail_line {
    margin-top: 3ex;
    margin-bottom: 1ex;
}
#result_table {
    width: 80%;
    border-collapse: collapse;
    border: 1px solid #777;
}
#header_row {
    font-weight: bold;
    color: white;
    background-color: #777;
}
#result_table td {
    border: 1px solid #777;
    padding: 2px;
}
#total_row  { font-weight: bold; }
.passClass  { background-color: #6c6; }
.failClass  { background-color: #c60; }
.errorClass { background-color: #c00; }
.passCase   { color: #6c6; }
.failCase   { color: #c60; font-weight: bold; }
.errorCase  { color: #c00; font-weight: bold; }
.hiddenRow  { display: none; }
.testcase   { margin-left: 2em; }


/* -- ending ---------------------------------------------------------------------- */
#ending {
}

</style>

</head>
<body>
<script language="javascript" type="text/javascript"><!--
output_list = Array();

/* level - 0:Summary; 1:Failed; 2:All */
function showCase(level) {
    trs = document.getElementsByTagName("tr");
    for (var i = 0; i < trs.length; i++) {
        tr = trs[i];
        id = tr.id;
        if (id.substr(0,2) == 'ft') {
            if (level < 1) {
                tr.className = 'hiddenRow';
            }
            else {
                tr.className = '';
            }
        }
        if (id.substr(0,2) == 'pt') {
            if (level > 1) {
                tr.className = '';
            }
            else {
                tr.className = 'hiddenRow';
            }
        }
    }
}


function showClassDetail(cid, count) {
    var id_list = Array(count);
    var toHide = 1;
    for (var i = 0; i < count; i++) {
        tid0 = 't' + cid.substr(1) + '.' + (i+1);
        tid = 'f' + tid0;
        tr = document.getElementById(tid);
        if (!tr) {
            tid = 'p' + tid0;
            tr = document.getElementById(tid);
        }
        id_list[i] = tid;
        if (tr.className) {
            toHide = 0;
        }
    }
    for (var i = 0; i < count; i++) {
        tid = id_list[i];
        if (toHide) {
            document.getElementById('div_'+tid).style.display = 'none'
            document.getElementById(tid).className = 'hiddenRow';
        }
        else {
            document.getElementById(tid).className = '';
        }
    }
}


function showTestDetail(div_id){
    var details_div = document.getElementById(div_id)
    var displayState = details_div.style.display
    // alert(displayState)
    if (displayState != 'block' ) {
        displayState = 'block'
        details_div.style.display = 'block'
    }
    else {
        details_div.style.display = 'none'
    }
}


function html_escape(s) {
    s = s.replace(/&/g,'&amp;');
    s = s.replace(/</g,'&lt;');
    s = s.replace(/>/g,'&gt;');
    return s;
}

/* obsoleted by detail in <div>
function showOutput(id, name) {
    var w = window.open("", //url
                    name,
                    "resizable,scrollbars,status,width=800,height=450");
    d = w.document;
    d.write("<pre>");
    d.write(html_escape(output_list[id]));
    d.write("\n");
    d.write("<a href='javascript:window.close()'>close</a>\n");
    d.write("</pre>\n");
    d.close();
}
*/
--></script>

<div class='heading'>
<h1>测试报告</h1>
<p class='attribute'><strong>Start Time:</strong> 2020-05-21 15:00:06</p>
<p class='attribute'><strong>Duration:</strong> 0:00:00.078121</p>
<p class='attribute'><strong>Status:</strong> Error 126</p>

<p class='description'>描述</p>
</div>



<p id='show_detail_line'>Show
<a href='javascript:showCase(0)'>Summary</a>
<a href='javascript:showCase(1)'>Failed</a>
<a href='javascript:showCase(2)'>All</a>
</p>
<table id='result_table'>
<colgroup>
<col align='left' />
<col align='right' />
<col align='right' />
<col align='right' />
<col align='right' />
<col align='right' />
</colgroup>
<tr id='header_row'>
    <td>Test Group/Test case</td>
    <td>Count</td>
    <td>Pass</td>
    <td>Fail</td>
    <td>Error</td>
    <td>View</td>
</tr>

<tr class='errorClass'>
    <td>unittest.loader._FailedTest</td>
    <td>126</td>
    <td>0</td>
    <td>0</td>
    <td>126</td>
    <td><a href="javascript:showClassDetail('c1',126)">Detail</a></td>
</tr>

<tr id='ft1.1' class='none'>
    <td class='errorCase'><div class='testcase'>Test_1</div></td>
    <td colspan='5' align='center'>

    <!--css div popup start-->
    <a class="popup_link" onfocus='this.blur();' href="javascript:showTestDetail('div_ft1.1')" >
        error</a>

    <div id='div_ft1.1' class="popup_window">
        <div style='text-align: right; color:red;cursor:pointer'>
        <a onfocus='this.blur();' onclick="document.getElementById('div_ft1.1').style.display = 'none' " >
           [x]</a>
        </div>
        <pre>
        
ft1.1: ImportError: Failed to import test module: Test_1
Traceback (most recent call last):
  File "C:\Python38\lib\unittest\loader.py", line 436, in _find_test_path
    module = self._get_module_from_name(name)
  File "C:\Python38\lib\unittest\loader.py", line 377, in _get_module_from_name
    __import__(name)
  File "C:\Users\jiang\PycharmProjects\AndroiUiaotomator\Test\Testcase\Test_1.py", line 1
    '''
    ^
SyntaxError: (unicode error) 'utf-8' codec can't decode byte 0xb2 in position 44: invalid start byte



        </pre>
    </div>
    <!--css div popup end-->

    </td>
</tr>

<tr id='ft1.2' class='none'>
    <td class='errorCase'><div class='testcase'>Test_10</div></td>
    <td colspan='5' align='center'>

    <!--css div popup start-->
    <a class="popup_link" onfocus='this.blur();' href="javascript:showTestDetail('div_ft1.2')" >
        error</a>

    <div id='div_ft1.2' class="popup_window">
        <div style='text-align: right; color:red;cursor:pointer'>
        <a onfocus='this.blur();' onclick="document.getElementById('div_ft1.2').style.display = 'none' " >
           [x]</a>
        </div>
        <pre>
        
ft1.2: ImportError: Failed to import test module: Test_10
Traceback (most recent call last):
  File "C:\Python38\lib\unittest\loader.py", line 436, in _find_test_path
    module = self._get_module_from_name(name)
  File "C:\Python38\lib\unittest\loader.py", line 377, in _get_module_from_name
    __import__(name)
  File "C:\Users\jiang\PycharmProjects\AndroiUiaotomator\Test\Testcase\Test_10.py", line 1
    '''
    ^
SyntaxError: (unicode error) 'utf-8' codec can't decode byte 0xb2 in position 44: invalid start byte



        </pre>
    </div>
    <!--css div popup end-->

    </td>
</tr>

<tr id='ft1.3' class='none'>
    <td class='errorCase'><div class='testcase'>Test_100</div></td>
    <td colspan='5' align='center'>

    <!--css div popup start-->
    <a class="popup_link" onfocus='this.blur();' href="javascript:showTestDetail('div_ft1.3')" >
        error</a>

    <div id='div_ft1.3' class="popup_window">
        <div style='text-align: right; color:red;cursor:pointer'>
        <a onfocus='this.blur();' onclick="document.getElementById('div_ft1.3').style.display = 'none' " >
           [x]</a>
        </div>
        <pre>
        
ft1.3: ImportError: Failed to import test module: Test_100
Traceback (most recent call last):
  File "C:\Python38\lib\unittest\loader.py", line 436, in _find_test_path
    module = self._get_module_from_name(name)
  File "C:\Python38\lib\unittest\loader.py", line 377, in _get_module_from_name
    __import__(name)
  File "C:\Users\jiang\PycharmProjects\AndroiUiaotomator\Test\Testcase\Test_100.py", line 1
    '''
    ^
SyntaxError: (unicode error) 'utf-8' codec can't decode byte 0xb2 in position 44: invalid start byte



        </pre>
    </div>
    <!--css div popup end-->

    </td>
</tr>

<tr id='ft1.4' class='none'>
    <td class='errorCase'><div class='testcase'>Test_101</div></td>
    <td colspan='5' align='center'>

    <!--css div popup start-->
    <a class="popup_link" onfocus='this.blur();' href="javascript:showTestDetail('div_ft1.4')" >
        error</a>

    <div id='div_ft1.4' class="popup_window">
        <div style='text-align: right; color:red;cursor:pointer'>
        <a onfocus='this.blur();' onclick="document.getElementById('div_ft1.4').style.display = 'none' " >
           [x]</a>
        </div>
        <pre>
        
ft1.4: ImportError: Failed to import test module: Test_101
Traceback (most recent call last):
  File "C:\Python38\lib\unittest\loader.py", line 436, in _find_test_path
    module = self._get_module_from_name(name)
  File "C:\Python38\lib\unittest\loader.py", line 377, in _get_module_from_name
    __import__(name)
  File "C:\Users\jiang\PycharmProjects\AndroiUiaotomator\Test\Testcase\Test_101.py", line 1
    '''
    ^
SyntaxError: (unicode error) 'utf-8' codec can't decode byte 0xb2 in position 44: invalid start byte



        </pre>
    </div>
    <!--css div popup end-->

    </td>
</tr>

<tr id='ft1.5' class='none'>
    <td class='errorCase'><div class='testcase'>Test_102</div></td>
    <td colspan='5' align='center'>

    <!--css div popup start-->
    <a class="popup_link" onfocus='this.blur();' href="javascript:showTestDetail('div_ft1.5')" >
        error</a>

    <div id='div_ft1.5' class="popup_window">
        <div style='text-align: right; color:red;cursor:pointer'>
        <a onfocus='this.blur();' onclick="document.getElementById('div_ft1.5').style.display = 'none' " >
           [x]</a>
        </div>
        <pre>
        
ft1.5: ImportError: Failed to import test module: Test_102
Traceback (most recent call last):
  File "C:\Python38\lib\unittest\loader.py", line 436, in _find_test_path
    module = self._get_module_from_name(name)
  File "C:\Python38\lib\unittest\loader.py", line 377, in _get_module_from_name
    __import__(name)
  File "C:\Users\jiang\PycharmProjects\AndroiUiaotomator\Test\Testcase\Test_102.py", line 1
    '''
    ^
SyntaxError: (unicode error) 'utf-8' codec can't decode byte 0xb2 in position 44: invalid start byte



        </pre>
    </div>
    <!--css div popup end-->

    </td>
</tr>

<tr id='ft1.6' class='none'>
    <td class='errorCase'><div class='testcase'>Test_103</div></td>
    <td colspan='5' align='center'>

    <!--css div popup start-->
    <a class="popup_link" onfocus='this.blur();' href="javascript:showTestDetail('div_ft1.6')" >
        error</a>

    <div id='div_ft1.6' class="popup_window">
        <div style='text-align: right; color:red;cursor:pointer'>
        <a onfocus='this.blur();' onclick="document.getElementById('div_ft1.6').style.display = 'none' " >
           [x]</a>
        </div>
        <pre>
        
ft1.6: ImportError: Failed to import test module: Test_103
Traceback (most recent call last):
  File "C:\Python38\lib\unittest\loader.py", line 436, in _find_test_path
    module = self._get_module_from_name(name)
  File "C:\Python38\lib\unittest\loader.py", line 377, in _get_module_from_name
    __import__(name)
  File "C:\Users\jiang\PycharmProjects\AndroiUiaotomator\Test\Testcase\Test_103.py", line 1
    '''
    ^
SyntaxError: (unicode error) 'utf-8' codec can't decode byte 0xb2 in position 44: invalid start byte



        </pre>
    </div>
    <!--css div popup end-->

    </td>
</tr>

<tr id='ft1.7' class='none'>
    <td class='errorCase'><div class='testcase'>Test_104</div></td>
    <td colspan='5' align='center'>

    <!--css div popup start-->
    <a class="popup_link" onfocus='this.blur();' href="javascript:showTestDetail('div_ft1.7')" >
        error</a>

    <div id='div_ft1.7' class="popup_window">
        <div style='text-align: right; color:red;cursor:pointer'>
        <a onfocus='this.blur();' onclick="document.getElementById('div_ft1.7').style.display = 'none' " >
           [x]</a>
        </div>
        <pre>
        
ft1.7: ImportError: Failed to import test module: Test_104
Traceback (most recent call last):
  File "C:\Python38\lib\unittest\loader.py", line 436, in _find_test_path
    module = self._get_module_from_name(name)
  File "C:\Python38\lib\unittest\loader.py", line 377, in _get_module_from_name
    __import__(name)
  File "C:\Users\jiang\PycharmProjects\AndroiUiaotomator\Test\Testcase\Test_104.py", line 1
    '''
    ^
SyntaxError: (unicode error) 'utf-8' codec can't decode byte 0xb2 in position 44: invalid start byte



        </pre>
    </div>
    <!--css div popup end-->

    </td>
</tr>

<tr id='ft1.8' class='none'>
    <td class='errorCase'><div class='testcase'>Test_105</div></td>
    <td colspan='5' align='center'>

    <!--css div popup start-->
    <a class="popup_link" onfocus='this.blur();' href="javascript:showTestDetail('div_ft1.8')" >
        error</a>

    <div id='div_ft1.8' class="popup_window">
        <div style='text-align: right; color:red;cursor:pointer'>
        <a onfocus='this.blur();' onclick="document.getElementById('div_ft1.8').style.display = 'none' " >
           [x]</a>
        </div>
        <pre>
        
ft1.8: ImportError: Failed to import test module: Test_105
Traceback (most recent call last):
  File "C:\Python38\lib\unittest\loader.py", line 436, in _find_test_path
    module = self._get_module_from_name(name)
  File "C:\Python38\lib\unittest\loader.py", line 377, in _get_module_from_name
    __import__(name)
  File "C:\Users\jiang\PycharmProjects\AndroiUiaotomator\Test\Testcase\Test_105.py", line 1
    '''
    ^
SyntaxError: (unicode error) 'utf-8' codec can't decode byte 0xb2 in position 44: invalid start byte



        </pre>
    </div>
    <!--css div popup end-->

    </td>
</tr>

<tr id='ft1.9' class='none'>
    <td class='errorCase'><div class='testcase'>Test_106</div></td>
    <td colspan='5' align='center'>

    <!--css div popup start-->
    <a class="popup_link" onfocus='this.blur();' href="javascript:showTestDetail('div_ft1.9')" >
        error</a>

    <div id='div_ft1.9' class="popup_window">
        <div style='text-align: right; color:red;cursor:pointer'>
        <a onfocus='this.blur();' onclick="document.getElementById('div_ft1.9').style.display = 'none' " >
           [x]</a>
        </div>
        <pre>
        
ft1.9: ImportError: Failed to import test module: Test_106
Traceback (most recent call last):
  File "C:\Python38\lib\unittest\loader.py", line 436, in _find_test_path
    module = self._get_module_from_name(name)
  File "C:\Python38\lib\unittest\loader.py", line 377, in _get_module_from_name
    __import__(name)
  File "C:\Users\jiang\PycharmProjects\AndroiUiaotomator\Test\Testcase\Test_106.py", line 1
    '''
    ^
SyntaxError: (unicode error) 'utf-8' codec can't decode byte 0xb2 in position 44: invalid start byte



        </pre>
    </div>
    <!--css div popup end-->

    </td>
</tr>

<tr id='ft1.10' class='none'>
    <td class='errorCase'><div class='testcase'>Test_107</div></td>
    <td colspan='5' align='center'>

    <!--css div popup start-->
    <a class="popup_link" onfocus='this.blur();' href="javascript:showTestDetail('div_ft1.10')" >
        error</a>

    <div id='div_ft1.10' class="popup_window">
        <div style='text-align: right; color:red;cursor:pointer'>
        <a onfocus='this.blur();' onclick="document.getElementById('div_ft1.10').style.display = 'none' " >
           [x]</a>
        </div>
        <pre>
        
ft1.10: ImportError: Failed to import test module: Test_107
Traceback (most recent call last):
  File "C:\Python38\lib\unittest\loader.py", line 436, in _find_test_path
    module = self._get_module_from_name(name)
  File "C:\Python38\lib\unittest\loader.py", line 377, in _get_module_from_name
    __import__(name)
  File "C:\Users\jiang\PycharmProjects\AndroiUiaotomator\Test\Testcase\Test_107.py", line 1
    '''
    ^
SyntaxError: (unicode error) 'utf-8' codec can't decode byte 0xb2 in position 44: invalid start byte



        </pre>
    </div>
    <!--css div popup end-->

    </td>
</tr>

<tr id='ft1.11' class='none'>
    <td class='errorCase'><div class='testcase'>Test_108</div></td>
    <td colspan='5' align='center'>

    <!--css div popup start-->
    <a class="popup_link" onfocus='this.blur();' href="javascript:showTestDetail('div_ft1.11')" >
        error</a>

    <div id='div_ft1.11' class="popup_window">
        <div style='text-align: right; color:red;cursor:pointer'>
        <a onfocus='this.blur();' onclick="document.getElementById('div_ft1.11').style.display = 'none' " >
           [x]</a>
        </div>
        <pre>
        
ft1.11: ImportError: Failed to import test module: Test_108
Traceback (most recent call last):
  File "C:\Python38\lib\unittest\loader.py", line 436, in _find_test_path
    module = self._get_module_from_name(name)
  File "C:\Python38\lib\unittest\loader.py", line 377, in _get_module_from_name
    __import__(name)
  File "C:\Users\jiang\PycharmProjects\AndroiUiaotomator\Test\Testcase\Test_108.py", line 1
    '''
    ^
SyntaxError: (unicode error) 'utf-8' codec can't decode byte 0xb2 in position 44: invalid start byte



        </pre>
    </div>
    <!--css div popup end-->

    </td>
</tr>

<tr id='ft1.12' class='none'>
    <td class='errorCase'><div class='testcase'>Test_109</div></td>
    <td colspan='5' align='center'>

    <!--css div popup start-->
    <a class="popup_link" onfocus='this.blur();' href="javascript:showTestDetail('div_ft1.12')" >
        error</a>

    <div id='div_ft1.12' class="popup_window">
        <div style='text-align: right; color:red;cursor:pointer'>
        <a onfocus='this.blur();' onclick="document.getElementById('div_ft1.12').style.display = 'none' " >
           [x]</a>
        </div>
        <pre>
        
ft1.12: ImportError: Failed to import test module: Test_109
Traceback (most recent call last):
  File "C:\Python38\lib\unittest\loader.py", line 436, in _find_test_path
    module = self._get_module_from_name(name)
  File "C:\Python38\lib\unittest\loader.py", line 377, in _get_module_from_name
    __import__(name)
  File "C:\Users\jiang\PycharmProjects\AndroiUiaotomator\Test\Testcase\Test_109.py", line 1
    '''
    ^
SyntaxError: (unicode error) 'utf-8' codec can't decode byte 0xb2 in position 44: invalid start byte



        </pre>
    </div>
    <!--css div popup end-->

    </td>
</tr>

<tr id='ft1.13' class='none'>
    <td class='errorCase'><div class='testcase'>Test_11</div></td>
    <td colspan='5' align='center'>

    <!--css div popup start-->
    <a class="popup_link" onfocus='this.blur();' href="javascript:showTestDetail('div_ft1.13')" >
        error</a>

    <div id='div_ft1.13' class="popup_window">
        <div style='text-align: right; color:red;cursor:pointer'>
        <a onfocus='this.blur();' onclick="document.getElementById('div_ft1.13').style.display = 'none' " >
           [x]</a>
        </div>
        <pre>
        
ft1.13: ImportError: Failed to import test module: Test_11
Traceback (most recent call last):
  File "C:\Python38\lib\unittest\loader.py", line 436, in _find_test_path
    module = self._get_module_from_name(name)
  File "C:\Python38\lib\unittest\loader.py", line 377, in _get_module_from_name
    __import__(name)
  File "C:\Users\jiang\PycharmProjects\AndroiUiaotomator\Test\Testcase\Test_11.py", line 1
    '''
    ^
SyntaxError: (unicode error) 'utf-8' codec can't decode byte 0xb2 in position 44: invalid start byte



        </pre>
    </div>
    <!--css div popup end-->

    </td>
</tr>

<tr id='ft1.14' class='none'>
    <td class='errorCase'><div class='testcase'>Test_110</div></td>
    <td colspan='5' align='center'>

    <!--css div popup start-->
    <a class="popup_link" onfocus='this.blur();' href="javascript:showTestDetail('div_ft1.14')" >
        error</a>

    <div id='div_ft1.14' class="popup_window">
        <div style='text-align: right; color:red;cursor:pointer'>
        <a onfocus='this.blur();' onclick="document.getElementById('div_ft1.14').style.display = 'none' " >
           [x]</a>
        </div>
        <pre>
        
ft1.14: ImportError: Failed to import test module: Test_110
Traceback (most recent call last):
  File "C:\Python38\lib\unittest\loader.py", line 436, in _find_test_path
    module = self._get_module_from_name(name)
  File "C:\Python38\lib\unittest\loader.py", line 377, in _get_module_from_name
    __import__(name)
  File "C:\Users\jiang\PycharmProjects\AndroiUiaotomator\Test\Testcase\Test_110.py", line 1
    '''
    ^
SyntaxError: (unicode error) 'utf-8' codec can't decode byte 0xb2 in position 44: invalid start byte



        </pre>
    </div>
    <!--css div popup end-->

    </td>
</tr>

<tr id='ft1.15' class='none'>
    <td class='errorCase'><div class='testcase'>Test_111</div></td>
    <td colspan='5' align='center'>

    <!--css div popup start-->
    <a class="popup_link" onfocus='this.blur();' href="javascript:showTestDetail('div_ft1.15')" >
        error</a>

    <div id='div_ft1.15' class="popup_window">
        <div style='text-align: right; color:red;cursor:pointer'>
        <a onfocus='this.blur();' onclick="document.getElementById('div_ft1.15').style.display = 'none' " >
           [x]</a>
        </div>
        <pre>
        
ft1.15: ImportError: Failed to import test module: Test_111
Traceback (most recent call last):
  File "C:\Python38\lib\unittest\loader.py", line 436, in _find_test_path
    module = self._get_module_from_name(name)
  File "C:\Python38\lib\unittest\loader.py", line 377, in _get_module_from_name
    __import__(name)
  File "C:\Users\jiang\PycharmProjects\AndroiUiaotomator\Test\Testcase\Test_111.py", line 1
    '''
    ^
SyntaxError: (unicode error) 'utf-8' codec can't decode byte 0xb2 in position 44: invalid start byte



        </pre>
    </div>
    <!--css div popup end-->

    </td>
</tr>

<tr id='ft1.16' class='none'>
    <td class='errorCase'><div class='testcase'>Test_112</div></td>
    <td colspan='5' align='center'>

    <!--css div popup start-->
    <a class="popup_link" onfocus='this.blur();' href="javascript:showTestDetail('div_ft1.16')" >
        error</a>

    <div id='div_ft1.16' class="popup_window">
        <div style='text-align: right; color:red;cursor:pointer'>
        <a onfocus='this.blur();' onclick="document.getElementById('div_ft1.16').style.display = 'none' " >
           [x]</a>
        </div>
        <pre>
        
ft1.16: ImportError: Failed to import test module: Test_112
Traceback (most recent call last):
  File "C:\Python38\lib\unittest\loader.py", line 436, in _find_test_path
    module = self._get_module_from_name(name)
  File "C:\Python38\lib\unittest\loader.py", line 377, in _get_module_from_name
    __import__(name)
  File "C:\Users\jiang\PycharmProjects\AndroiUiaotomator\Test\Testcase\Test_112.py", line 1
    '''
    ^
SyntaxError: (unicode error) 'utf-8' codec can't decode byte 0xb2 in position 44: invalid start byte



        </pre>
    </div>
    <!--css div popup end-->

    </td>
</tr>

<tr id='ft1.17' class='none'>
    <td class='errorCase'><div class='testcase'>Test_113</div></td>
    <td colspan='5' align='center'>

    <!--css div popup start-->
    <a class="popup_link" onfocus='this.blur();' href="javascript:showTestDetail('div_ft1.17')" >
        error</a>

    <div id='div_ft1.17' class="popup_window">
        <div style='text-align: right; color:red;cursor:pointer'>
        <a onfocus='this.blur();' onclick="document.getElementById('div_ft1.17').style.display = 'none' " >
           [x]</a>
        </div>
        <pre>
        
ft1.17: ImportError: Failed to import test module: Test_113
Traceback (most recent call last):
  File "C:\Python38\lib\unittest\loader.py", line 436, in _find_test_path
    module = self._get_module_from_name(name)
  File "C:\Python38\lib\unittest\loader.py", line 377, in _get_module_from_name
    __import__(name)
  File "C:\Users\jiang\PycharmProjects\AndroiUiaotomator\Test\Testcase\Test_113.py", line 1
    '''
    ^
SyntaxError: (unicode error) 'utf-8' codec can't decode byte 0xb2 in position 44: invalid start byte



        </pre>
    </div>
    <!--css div popup end-->

    </td>
</tr>

<tr id='ft1.18' class='none'>
    <td class='errorCase'><div class='testcase'>Test_114</div></td>
    <td colspan='5' align='center'>

    <!--css div popup start-->
    <a class="popup_link" onfocus='this.blur();' href="javascript:showTestDetail('div_ft1.18')" >
        error</a>

    <div id='div_ft1.18' class="popup_window">
        <div style='text-align: right; color:red;cursor:pointer'>
        <a onfocus='this.blur();' onclick="document.getElementById('div_ft1.18').style.display = 'none' " >
           [x]</a>
        </div>
        <pre>
        
ft1.18: ImportError: Failed to import test module: Test_114
Traceback (most recent call last):
  File "C:\Python38\lib\unittest\loader.py", line 436, in _find_test_path
    module = self._get_module_from_name(name)
  File "C:\Python38\lib\unittest\loader.py", line 377, in _get_module_from_name
    __import__(name)
  File "C:\Users\jiang\PycharmProjects\AndroiUiaotomator\Test\Testcase\Test_114.py", line 1
    '''
    ^
SyntaxError: (unicode error) 'utf-8' codec can't decode byte 0xb2 in position 44: invalid start byte



        </pre>
    </div>
    <!--css div popup end-->

    </td>
</tr>

<tr id='ft1.19' class='none'>
    <td class='errorCase'><div class='testcase'>Test_115</div></td>
    <td colspan='5' align='center'>

    <!--css div popup start-->
    <a class="popup_link" onfocus='this.blur();' href="javascript:showTestDetail('div_ft1.19')" >
        error</a>

    <div id='div_ft1.19' class="popup_window">
        <div style='text-align: right; color:red;cursor:pointer'>
        <a onfocus='this.blur();' onclick="document.getElementById('div_ft1.19').style.display = 'none' " >
           [x]</a>
        </div>
        <pre>
        
ft1.19: ImportError: Failed to import test module: Test_115
Traceback (most recent call last):
  File "C:\Python38\lib\unittest\loader.py", line 436, in _find_test_path
    module = self._get_module_from_name(name)
  File "C:\Python38\lib\unittest\loader.py", line 377, in _get_module_from_name
    __import__(name)
  File "C:\Users\jiang\PycharmProjects\AndroiUiaotomator\Test\Testcase\Test_115.py", line 1
    '''
    ^
SyntaxError: (unicode error) 'utf-8' codec can't decode byte 0xb2 in position 44: invalid start byte



        </pre>
    </div>
    <!--css div popup end-->

    </td>
</tr>

<tr id='ft1.20' class='none'>
    <td class='errorCase'><div class='testcase'>Test_116</div></td>
    <td colspan='5' align='center'>

    <!--css div popup start-->
    <a class="popup_link" onfocus='this.blur();' href="javascript:showTestDetail('div_ft1.20')" >
        error</a>

    <div id='div_ft1.20' class="popup_window">
        <div style='text-align: right; color:red;cursor:pointer'>
        <a onfocus='this.blur();' onclick="document.getElementById('div_ft1.20').style.display = 'none' " >
           [x]</a>
        </div>
        <pre>
        
ft1.20: ImportError: Failed to import test module: Test_116
Traceback (most recent call last):
  File "C:\Python38\lib\unittest\loader.py", line 436, in _find_test_path
    module = self._get_module_from_name(name)
  File "C:\Python38\lib\unittest\loader.py", line 377, in _get_module_from_name
    __import__(name)
  File "C:\Users\jiang\PycharmProjects\AndroiUiaotomator\Test\Testcase\Test_116.py", line 1
    '''
    ^
SyntaxError: (unicode error) 'utf-8' codec can't decode byte 0xb2 in position 44: invalid start byte



        </pre>
    </div>
    <!--css div popup end-->

    </td>
</tr>

<tr id='ft1.21' class='none'>
    <td class='errorCase'><div class='testcase'>Test_117</div></td>
    <td colspan='5' align='center'>

    <!--css div popup start-->
    <a class="popup_link" onfocus='this.blur();' href="javascript:showTestDetail('div_ft1.21')" >
        error</a>

    <div id='div_ft1.21' class="popup_window">
        <div style='text-align: right; color:red;cursor:pointer'>
        <a onfocus='this.blur();' onclick="document.getElementById('div_ft1.21').style.display = 'none' " >
           [x]</a>
        </div>
        <pre>
        
ft1.21: ImportError: Failed to import test module: Test_117
Traceback (most recent call last):
  File "C:\Python38\lib\unittest\loader.py", line 436, in _find_test_path
    module = self._get_module_from_name(name)
  File "C:\Python38\lib\unittest\loader.py", line 377, in _get_module_from_name
    __import__(name)
  File "C:\Users\jiang\PycharmProjects\AndroiUiaotomator\Test\Testcase\Test_117.py", line 1
    '''
    ^
SyntaxError: (unicode error) 'utf-8' codec can't decode byte 0xb2 in position 44: invalid start byte



        </pre>
    </div>
    <!--css div popup end-->

    </td>
</tr>

<tr id='ft1.22' class='none'>
    <td class='errorCase'><div class='testcase'>Test_118</div></td>
    <td colspan='5' align='center'>

    <!--css div popup start-->
    <a class="popup_link" onfocus='this.blur();' href="javascript:showTestDetail('div_ft1.22')" >
        error</a>

    <div id='div_ft1.22' class="popup_window">
        <div style='text-align: right; color:red;cursor:pointer'>
        <a onfocus='this.blur();' onclick="document.getElementById('div_ft1.22').style.display = 'none' " >
           [x]</a>
        </div>
        <pre>
        
ft1.22: ImportError: Failed to import test module: Test_118
Traceback (most recent call last):
  File "C:\Python38\lib\unittest\loader.py", line 436, in _find_test_path
    module = self._get_module_from_name(name)
  File "C:\Python38\lib\unittest\loader.py", line 377, in _get_module_from_name
    __import__(name)
  File "C:\Users\jiang\PycharmProjects\AndroiUiaotomator\Test\Testcase\Test_118.py", line 1
    '''
    ^
SyntaxError: (unicode error) 'utf-8' codec can't decode byte 0xb2 in position 44: invalid start byte



        </pre>
    </div>
    <!--css div popup end-->

    </td>
</tr>

<tr id='ft1.23' class='none'>
    <td class='errorCase'><div class='testcase'>Test_119</div></td>
    <td colspan='5' align='center'>

    <!--css div popup start-->
    <a class="popup_link" onfocus='this.blur();' href="javascript:showTestDetail('div_ft1.23')" >
        error</a>

    <div id='div_ft1.23' class="popup_window">
        <div style='text-align: right; color:red;cursor:pointer'>
        <a onfocus='this.blur();' onclick="document.getElementById('div_ft1.23').style.display = 'none' " >
           [x]</a>
        </div>
        <pre>
        
ft1.23: ImportError: Failed to import test module: Test_119
Traceback (most recent call last):
  File "C:\Python38\lib\unittest\loader.py", line 436, in _find_test_path
    module = self._get_module_from_name(name)
  File "C:\Python38\lib\unittest\loader.py", line 377, in _get_module_from_name
    __import__(name)
  File "C:\Users\jiang\PycharmProjects\AndroiUiaotomator\Test\Testcase\Test_119.py", line 1
    '''
    ^
SyntaxError: (unicode error) 'utf-8' codec can't decode byte 0xb2 in position 44: invalid start byte



        </pre>
    </div>
    <!--css div popup end-->

    </td>
</tr>

<tr id='ft1.24' class='none'>
    <td class='errorCase'><div class='testcase'>Test_12</div></td>
    <td colspan='5' align='center'>

    <!--css div popup start-->
    <a class="popup_link" onfocus='this.blur();' href="javascript:showTestDetail('div_ft1.24')" >
        error</a>

    <div id='div_ft1.24' class="popup_window">
        <div style='text-align: right; color:red;cursor:pointer'>
        <a onfocus='this.blur();' onclick="document.getElementById('div_ft1.24').style.display = 'none' " >
           [x]</a>
        </div>
        <pre>
        
ft1.24: ImportError: Failed to import test module: Test_12
Traceback (most recent call last):
  File "C:\Python38\lib\unittest\loader.py", line 436, in _find_test_path
    module = self._get_module_from_name(name)
  File "C:\Python38\lib\unittest\loader.py", line 377, in _get_module_from_name
    __import__(name)
  File "C:\Users\jiang\PycharmProjects\AndroiUiaotomator\Test\Testcase\Test_12.py", line 1
    '''
    ^
SyntaxError: (unicode error) 'utf-8' codec can't decode byte 0xb2 in position 44: invalid start byte



        </pre>
    </div>
    <!--css div popup end-->

    </td>
</tr>

<tr id='ft1.25' class='none'>
    <td class='errorCase'><div class='testcase'>Test_120</div></td>
    <td colspan='5' align='center'>

    <!--css div popup start-->
    <a class="popup_link" onfocus='this.blur();' href="javascript:showTestDetail('div_ft1.25')" >
        error</a>

    <div id='div_ft1.25' class="popup_window">
        <div style='text-align: right; color:red;cursor:pointer'>
        <a onfocus='this.blur();' onclick="document.getElementById('div_ft1.25').style.display = 'none' " >
           [x]</a>
        </div>
        <pre>
        
ft1.25: ImportError: Failed to import test module: Test_120
Traceback (most recent call last):
  File "C:\Python38\lib\unittest\loader.py", line 436, in _find_test_path
    module = self._get_module_from_name(name)
  File "C:\Python38\lib\unittest\loader.py", line 377, in _get_module_from_name
    __import__(name)
  File "C:\Users\jiang\PycharmProjects\AndroiUiaotomator\Test\Testcase\Test_120.py", line 1
    '''
    ^
SyntaxError: (unicode error) 'utf-8' codec can't decode byte 0xb2 in position 44: invalid start byte



        </pre>
    </div>
    <!--css div popup end-->

    </td>
</tr>

<tr id='ft1.26' class='none'>
    <td class='errorCase'><div class='testcase'>Test_121</div></td>
    <td colspan='5' align='center'>

    <!--css div popup start-->
    <a class="popup_link" onfocus='this.blur();' href="javascript:showTestDetail('div_ft1.26')" >
        error</a>

    <div id='div_ft1.26' class="popup_window">
        <div style='text-align: right; color:red;cursor:pointer'>
        <a onfocus='this.blur();' onclick="document.getElementById('div_ft1.26').style.display = 'none' " >
           [x]</a>
        </div>
        <pre>
        
ft1.26: ImportError: Failed to import test module: Test_121
Traceback (most recent call last):
  File "C:\Python38\lib\unittest\loader.py", line 436, in _find_test_path
    module = self._get_module_from_name(name)
  File "C:\Python38\lib\unittest\loader.py", line 377, in _get_module_from_name
    __import__(name)
  File "C:\Users\jiang\PycharmProjects\AndroiUiaotomator\Test\Testcase\Test_121.py", line 1
    '''
    ^
SyntaxError: (unicode error) 'utf-8' codec can't decode byte 0xb2 in position 44: invalid start byte



        </pre>
    </div>
    <!--css div popup end-->

    </td>
</tr>

<tr id='ft1.27' class='none'>
    <td class='errorCase'><div class='testcase'>Test_122</div></td>
    <td colspan='5' align='center'>

    <!--css div popup start-->
    <a class="popup_link" onfocus='this.blur();' href="javascript:showTestDetail('div_ft1.27')" >
        error</a>

    <div id='div_ft1.27' class="popup_window">
        <div style='text-align: right; color:red;cursor:pointer'>
        <a onfocus='this.blur();' onclick="document.getElementById('div_ft1.27').style.display = 'none' " >
           [x]</a>
        </div>
        <pre>
        
ft1.27: ImportError: Failed to import test module: Test_122
Traceback (most recent call last):
  File "C:\Python38\lib\unittest\loader.py", line 436, in _find_test_path
    module = self._get_module_from_name(name)
  File "C:\Python38\lib\unittest\loader.py", line 377, in _get_module_from_name
    __import__(name)
  File "C:\Users\jiang\PycharmProjects\AndroiUiaotomator\Test\Testcase\Test_122.py", line 1
    '''
    ^
SyntaxError: (unicode error) 'utf-8' codec can't decode byte 0xb2 in position 44: invalid start byte



        </pre>
    </div>
    <!--css div popup end-->

    </td>
</tr>

<tr id='ft1.28' class='none'>
    <td class='errorCase'><div class='testcase'>Test_123</div></td>
    <td colspan='5' align='center'>

    <!--css div popup start-->
    <a class="popup_link" onfocus='this.blur();' href="javascript:showTestDetail('div_ft1.28')" >
        error</a>

    <div id='div_ft1.28' class="popup_window">
        <div style='text-align: right; color:red;cursor:pointer'>
        <a onfocus='this.blur();' onclick="document.getElementById('div_ft1.28').style.display = 'none' " >
           [x]</a>
        </div>
        <pre>
        
ft1.28: ImportError: Failed to import test module: Test_123
Traceback (most recent call last):
  File "C:\Python38\lib\unittest\loader.py", line 436, in _find_test_path
    module = self._get_module_from_name(name)
  File "C:\Python38\lib\unittest\loader.py", line 377, in _get_module_from_name
    __import__(name)
  File "C:\Users\jiang\PycharmProjects\AndroiUiaotomator\Test\Testcase\Test_123.py", line 1
    '''
    ^
SyntaxError: (unicode error) 'utf-8' codec can't decode byte 0xb2 in position 44: invalid start byte



        </pre>
    </div>
    <!--css div popup end-->

    </td>
</tr>

<tr id='ft1.29' class='none'>
    <td class='errorCase'><div class='testcase'>Test_124</div></td>
    <td colspan='5' align='center'>

    <!--css div popup start-->
    <a class="popup_link" onfocus='this.blur();' href="javascript:showTestDetail('div_ft1.29')" >
        error</a>

    <div id='div_ft1.29' class="popup_window">
        <div style='text-align: right; color:red;cursor:pointer'>
        <a onfocus='this.blur();' onclick="document.getElementById('div_ft1.29').style.display = 'none' " >
           [x]</a>
        </div>
        <pre>
        
ft1.29: ImportError: Failed to import test module: Test_124
Traceback (most recent call last):
  File "C:\Python38\lib\unittest\loader.py", line 436, in _find_test_path
    module = self._get_module_from_name(name)
  File "C:\Python38\lib\unittest\loader.py", line 377, in _get_module_from_name
    __import__(name)
  File "C:\Users\jiang\PycharmProjects\AndroiUiaotomator\Test\Testcase\Test_124.py", line 1
    '''
    ^
SyntaxError: (unicode error) 'utf-8' codec can't decode byte 0xb2 in position 44: invalid start byte



        </pre>
    </div>
    <!--css div popup end-->

    </td>
</tr>

<tr id='ft1.30' class='none'>
    <td class='errorCase'><div class='testcase'>Test_125</div></td>
    <td colspan='5' align='center'>

    <!--css div popup start-->
    <a class="popup_link" onfocus='this.blur();' href="javascript:showTestDetail('div_ft1.30')" >
        error</a>

    <div id='div_ft1.30' class="popup_window">
        <div style='text-align: right; color:red;cursor:pointer'>
        <a onfocus='this.blur();' onclick="document.getElementById('div_ft1.30').style.display = 'none' " >
           [x]</a>
        </div>
        <pre>
        
ft1.30: ImportError: Failed to import test module: Test_125
Traceback (most recent call last):
  File "C:\Python38\lib\unittest\loader.py", line 436, in _find_test_path
    module = self._get_module_from_name(name)
  File "C:\Python38\lib\unittest\loader.py", line 377, in _get_module_from_name
    __import__(name)
  File "C:\Users\jiang\PycharmProjects\AndroiUiaotomator\Test\Testcase\Test_125.py", line 1
    '''
    ^
SyntaxError: (unicode error) 'utf-8' codec can't decode byte 0xb2 in position 44: invalid start byte



        </pre>
    </div>
    <!--css div popup end-->

    </td>
</tr>

<tr id='ft1.31' class='none'>
    <td class='errorCase'><div class='testcase'>Test_126</div></td>
    <td colspan='5' align='center'>

    <!--css div popup start-->
    <a class="popup_link" onfocus='this.blur();' href="javascript:showTestDetail('div_ft1.31')" >
        error</a>

    <div id='div_ft1.31' class="popup_window">
        <div style='text-align: right; color:red;cursor:pointer'>
        <a onfocus='this.blur();' onclick="document.getElementById('div_ft1.31').style.display = 'none' " >
           [x]</a>
        </div>
        <pre>
        
ft1.31: ImportError: Failed to import test module: Test_126
Traceback (most recent call last):
  File "C:\Python38\lib\unittest\loader.py", line 436, in _find_test_path
    module = self._get_module_from_name(name)
  File "C:\Python38\lib\unittest\loader.py", line 377, in _get_module_from_name
    __import__(name)
  File "C:\Users\jiang\PycharmProjects\AndroiUiaotomator\Test\Testcase\Test_126.py", line 1
    '''
    ^
SyntaxError: (unicode error) 'utf-8' codec can't decode byte 0xb2 in position 44: invalid start byte



        </pre>
    </div>
    <!--css div popup end-->

    </td>
</tr>

<tr id='ft1.32' class='none'>
    <td class='errorCase'><div class='testcase'>Test_127</div></td>
    <td colspan='5' align='center'>

    <!--css div popup start-->
    <a class="popup_link" onfocus='this.blur();' href="javascript:showTestDetail('div_ft1.32')" >
        error</a>

    <div id='div_ft1.32' class="popup_window">
        <div style='text-align: right; color:red;cursor:pointer'>
        <a onfocus='this.blur();' onclick="document.getElementById('div_ft1.32').style.display = 'none' " >
           [x]</a>
        </div>
        <pre>
        
ft1.32: ImportError: Failed to import test module: Test_127
Traceback (most recent call last):
  File "C:\Python38\lib\unittest\loader.py", line 436, in _find_test_path
    module = self._get_module_from_name(name)
  File "C:\Python38\lib\unittest\loader.py", line 377, in _get_module_from_name
    __import__(name)
  File "C:\Users\jiang\PycharmProjects\AndroiUiaotomator\Test\Testcase\Test_127.py", line 1
    '''
    ^
SyntaxError: (unicode error) 'utf-8' codec can't decode byte 0xb2 in position 44: invalid start byte



        </pre>
    </div>
    <!--css div popup end-->

    </td>
</tr>

<tr id='ft1.33' class='none'>
    <td class='errorCase'><div class='testcase'>Test_13</div></td>
    <td colspan='5' align='center'>

    <!--css div popup start-->
    <a class="popup_link" onfocus='this.blur();' href="javascript:showTestDetail('div_ft1.33')" >
        error</a>

    <div id='div_ft1.33' class="popup_window">
        <div style='text-align: right; color:red;cursor:pointer'>
        <a onfocus='this.blur();' onclick="document.getElementById('div_ft1.33').style.display = 'none' " >
           [x]</a>
        </div>
        <pre>
        
ft1.33: ImportError: Failed to import test module: Test_13
Traceback (most recent call last):
  File "C:\Python38\lib\unittest\loader.py", line 436, in _find_test_path
    module = self._get_module_from_name(name)
  File "C:\Python38\lib\unittest\loader.py", line 377, in _get_module_from_name
    __import__(name)
  File "C:\Users\jiang\PycharmProjects\AndroiUiaotomator\Test\Testcase\Test_13.py", line 1
    '''
    ^
SyntaxError: (unicode error) 'utf-8' codec can't decode byte 0xb2 in position 44: invalid start byte



        </pre>
    </div>
    <!--css div popup end-->

    </td>
</tr>

<tr id='ft1.34' class='none'>
    <td class='errorCase'><div class='testcase'>Test_14</div></td>
    <td colspan='5' align='center'>

    <!--css div popup start-->
    <a class="popup_link" onfocus='this.blur();' href="javascript:showTestDetail('div_ft1.34')" >
        error</a>

    <div id='div_ft1.34' class="popup_window">
        <div style='text-align: right; color:red;cursor:pointer'>
        <a onfocus='this.blur();' onclick="document.getElementById('div_ft1.34').style.display = 'none' " >
           [x]</a>
        </div>
        <pre>
        
ft1.34: ImportError: Failed to import test module: Test_14
Traceback (most recent call last):
  File "C:\Python38\lib\unittest\loader.py", line 436, in _find_test_path
    module = self._get_module_from_name(name)
  File "C:\Python38\lib\unittest\loader.py", line 377, in _get_module_from_name
    __import__(name)
  File "C:\Users\jiang\PycharmProjects\AndroiUiaotomator\Test\Testcase\Test_14.py", line 1
    '''
    ^
SyntaxError: (unicode error) 'utf-8' codec can't decode byte 0xb2 in position 44: invalid start byte



        </pre>
    </div>
    <!--css div popup end-->

    </td>
</tr>

<tr id='ft1.35' class='none'>
    <td class='errorCase'><div class='testcase'>Test_15</div></td>
    <td colspan='5' align='center'>

    <!--css div popup start-->
    <a class="popup_link" onfocus='this.blur();' href="javascript:showTestDetail('div_ft1.35')" >
        error</a>

    <div id='div_ft1.35' class="popup_window">
        <div style='text-align: right; color:red;cursor:pointer'>
        <a onfocus='this.blur();' onclick="document.getElementById('div_ft1.35').style.display = 'none' " >
           [x]</a>
        </div>
        <pre>
        
ft1.35: ImportError: Failed to import test module: Test_15
Traceback (most recent call last):
  File "C:\Python38\lib\unittest\loader.py", line 436, in _find_test_path
    module = self._get_module_from_name(name)
  File "C:\Python38\lib\unittest\loader.py", line 377, in _get_module_from_name
    __import__(name)
  File "C:\Users\jiang\PycharmProjects\AndroiUiaotomator\Test\Testcase\Test_15.py", line 1
    '''
    ^
SyntaxError: (unicode error) 'utf-8' codec can't decode byte 0xb2 in position 44: invalid start byte



        </pre>
    </div>
    <!--css div popup end-->

    </td>
</tr>

<tr id='ft1.36' class='none'>
    <td class='errorCase'><div class='testcase'>Test_16</div></td>
    <td colspan='5' align='center'>

    <!--css div popup start-->
    <a class="popup_link" onfocus='this.blur();' href="javascript:showTestDetail('div_ft1.36')" >
        error</a>

    <div id='div_ft1.36' class="popup_window">
        <div style='text-align: right; color:red;cursor:pointer'>
        <a onfocus='this.blur();' onclick="document.getElementById('div_ft1.36').style.display = 'none' " >
           [x]</a>
        </div>
        <pre>
        
ft1.36: ImportError: Failed to import test module: Test_16
Traceback (most recent call last):
  File "C:\Python38\lib\unittest\loader.py", line 436, in _find_test_path
    module = self._get_module_from_name(name)
  File "C:\Python38\lib\unittest\loader.py", line 377, in _get_module_from_name
    __import__(name)
  File "C:\Users\jiang\PycharmProjects\AndroiUiaotomator\Test\Testcase\Test_16.py", line 1
    '''
    ^
SyntaxError: (unicode error) 'utf-8' codec can't decode byte 0xb2 in position 44: invalid start byte



        </pre>
    </div>
    <!--css div popup end-->

    </td>
</tr>

<tr id='ft1.37' class='none'>
    <td class='errorCase'><div class='testcase'>Test_17</div></td>
    <td colspan='5' align='center'>

    <!--css div popup start-->
    <a class="popup_link" onfocus='this.blur();' href="javascript:showTestDetail('div_ft1.37')" >
        error</a>

    <div id='div_ft1.37' class="popup_window">
        <div style='text-align: right; color:red;cursor:pointer'>
        <a onfocus='this.blur();' onclick="document.getElementById('div_ft1.37').style.display = 'none' " >
           [x]</a>
        </div>
        <pre>
        
ft1.37: ImportError: Failed to import test module: Test_17
Traceback (most recent call last):
  File "C:\Python38\lib\unittest\loader.py", line 436, in _find_test_path
    module = self._get_module_from_name(name)
  File "C:\Python38\lib\unittest\loader.py", line 377, in _get_module_from_name
    __import__(name)
  File "C:\Users\jiang\PycharmProjects\AndroiUiaotomator\Test\Testcase\Test_17.py", line 1
    '''
    ^
SyntaxError: (unicode error) 'utf-8' codec can't decode byte 0xb2 in position 44: invalid start byte



        </pre>
    </div>
    <!--css div popup end-->

    </td>
</tr>

<tr id='ft1.38' class='none'>
    <td class='errorCase'><div class='testcase'>Test_18</div></td>
    <td colspan='5' align='center'>

    <!--css div popup start-->
    <a class="popup_link" onfocus='this.blur();' href="javascript:showTestDetail('div_ft1.38')" >
        error</a>

    <div id='div_ft1.38' class="popup_window">
        <div style='text-align: right; color:red;cursor:pointer'>
        <a onfocus='this.blur();' onclick="document.getElementById('div_ft1.38').style.display = 'none' " >
           [x]</a>
        </div>
        <pre>
        
ft1.38: ImportError: Failed to import test module: Test_18
Traceback (most recent call last):
  File "C:\Python38\lib\unittest\loader.py", line 436, in _find_test_path
    module = self._get_module_from_name(name)
  File "C:\Python38\lib\unittest\loader.py", line 377, in _get_module_from_name
    __import__(name)
  File "C:\Users\jiang\PycharmProjects\AndroiUiaotomator\Test\Testcase\Test_18.py", line 1
    '''
    ^
SyntaxError: (unicode error) 'utf-8' codec can't decode byte 0xb2 in position 44: invalid start byte



        </pre>
    </div>
    <!--css div popup end-->

    </td>
</tr>

<tr id='ft1.39' class='none'>
    <td class='errorCase'><div class='testcase'>Test_19</div></td>
    <td colspan='5' align='center'>

    <!--css div popup start-->
    <a class="popup_link" onfocus='this.blur();' href="javascript:showTestDetail('div_ft1.39')" >
        error</a>

    <div id='div_ft1.39' class="popup_window">
        <div style='text-align: right; color:red;cursor:pointer'>
        <a onfocus='this.blur();' onclick="document.getElementById('div_ft1.39').style.display = 'none' " >
           [x]</a>
        </div>
        <pre>
        
ft1.39: ImportError: Failed to import test module: Test_19
Traceback (most recent call last):
  File "C:\Python38\lib\unittest\loader.py", line 436, in _find_test_path
    module = self._get_module_from_name(name)
  File "C:\Python38\lib\unittest\loader.py", line 377, in _get_module_from_name
    __import__(name)
  File "C:\Users\jiang\PycharmProjects\AndroiUiaotomator\Test\Testcase\Test_19.py", line 1
    '''
    ^
SyntaxError: (unicode error) 'utf-8' codec can't decode byte 0xb2 in position 44: invalid start byte



        </pre>
    </div>
    <!--css div popup end-->

    </td>
</tr>

<tr id='ft1.40' class='none'>
    <td class='errorCase'><div class='testcase'>Test_2</div></td>
    <td colspan='5' align='center'>

    <!--css div popup start-->
    <a class="popup_link" onfocus='this.blur();' href="javascript:showTestDetail('div_ft1.40')" >
        error</a>

    <div id='div_ft1.40' class="popup_window">
        <div style='text-align: right; color:red;cursor:pointer'>
        <a onfocus='this.blur();' onclick="document.getElementById('div_ft1.40').style.display = 'none' " >
           [x]</a>
        </div>
        <pre>
        
ft1.40: ImportError: Failed to import test module: Test_2
Traceback (most recent call last):
  File "C:\Python38\lib\unittest\loader.py", line 436, in _find_test_path
    module = self._get_module_from_name(name)
  File "C:\Python38\lib\unittest\loader.py", line 377, in _get_module_from_name
    __import__(name)
  File "C:\Users\jiang\PycharmProjects\AndroiUiaotomator\Test\Testcase\Test_2.py", line 1
    '''
    ^
SyntaxError: (unicode error) 'utf-8' codec can't decode byte 0xb2 in position 44: invalid start byte



        </pre>
    </div>
    <!--css div popup end-->

    </td>
</tr>

<tr id='ft1.41' class='none'>
    <td class='errorCase'><div class='testcase'>Test_20</div></td>
    <td colspan='5' align='center'>

    <!--css div popup start-->
    <a class="popup_link" onfocus='this.blur();' href="javascript:showTestDetail('div_ft1.41')" >
        error</a>

    <div id='div_ft1.41' class="popup_window">
        <div style='text-align: right; color:red;cursor:pointer'>
        <a onfocus='this.blur();' onclick="document.getElementById('div_ft1.41').style.display = 'none' " >
           [x]</a>
        </div>
        <pre>
        
ft1.41: ImportError: Failed to import test module: Test_20
Traceback (most recent call last):
  File "C:\Python38\lib\unittest\loader.py", line 436, in _find_test_path
    module = self._get_module_from_name(name)
  File "C:\Python38\lib\unittest\loader.py", line 377, in _get_module_from_name
    __import__(name)
  File "C:\Users\jiang\PycharmProjects\AndroiUiaotomator\Test\Testcase\Test_20.py", line 1
    '''
    ^
SyntaxError: (unicode error) 'utf-8' codec can't decode byte 0xb2 in position 44: invalid start byte



        </pre>
    </div>
    <!--css div popup end-->

    </td>
</tr>

<tr id='ft1.42' class='none'>
    <td class='errorCase'><div class='testcase'>Test_21</div></td>
    <td colspan='5' align='center'>

    <!--css div popup start-->
    <a class="popup_link" onfocus='this.blur();' href="javascript:showTestDetail('div_ft1.42')" >
        error</a>

    <div id='div_ft1.42' class="popup_window">
        <div style='text-align: right; color:red;cursor:pointer'>
        <a onfocus='this.blur();' onclick="document.getElementById('div_ft1.42').style.display = 'none' " >
           [x]</a>
        </div>
        <pre>
        
ft1.42: ImportError: Failed to import test module: Test_21
Traceback (most recent call last):
  File "C:\Python38\lib\unittest\loader.py", line 436, in _find_test_path
    module = self._get_module_from_name(name)
  File "C:\Python38\lib\unittest\loader.py", line 377, in _get_module_from_name
    __import__(name)
  File "C:\Users\jiang\PycharmProjects\AndroiUiaotomator\Test\Testcase\Test_21.py", line 1
    '''
    ^
SyntaxError: (unicode error) 'utf-8' codec can't decode byte 0xb2 in position 44: invalid start byte



        </pre>
    </div>
    <!--css div popup end-->

    </td>
</tr>

<tr id='ft1.43' class='none'>
    <td class='errorCase'><div class='testcase'>Test_22</div></td>
    <td colspan='5' align='center'>

    <!--css div popup start-->
    <a class="popup_link" onfocus='this.blur();' href="javascript:showTestDetail('div_ft1.43')" >
        error</a>

    <div id='div_ft1.43' class="popup_window">
        <div style='text-align: right; color:red;cursor:pointer'>
        <a onfocus='this.blur();' onclick="document.getElementById('div_ft1.43').style.display = 'none' " >
           [x]</a>
        </div>
        <pre>
        
ft1.43: ImportError: Failed to import test module: Test_22
Traceback (most recent call last):
  File "C:\Python38\lib\unittest\loader.py", line 436, in _find_test_path
    module = self._get_module_from_name(name)
  File "C:\Python38\lib\unittest\loader.py", line 377, in _get_module_from_name
    __import__(name)
  File "C:\Users\jiang\PycharmProjects\AndroiUiaotomator\Test\Testcase\Test_22.py", line 1
    '''
    ^
SyntaxError: (unicode error) 'utf-8' codec can't decode byte 0xb2 in position 44: invalid start byte



        </pre>
    </div>
    <!--css div popup end-->

    </td>
</tr>

<tr id='ft1.44' class='none'>
    <td class='errorCase'><div class='testcase'>Test_23</div></td>
    <td colspan='5' align='center'>

    <!--css div popup start-->
    <a class="popup_link" onfocus='this.blur();' href="javascript:showTestDetail('div_ft1.44')" >
        error</a>

    <div id='div_ft1.44' class="popup_window">
        <div style='text-align: right; color:red;cursor:pointer'>
        <a onfocus='this.blur();' onclick="document.getElementById('div_ft1.44').style.display = 'none' " >
           [x]</a>
        </div>
        <pre>
        
ft1.44: ImportError: Failed to import test module: Test_23
Traceback (most recent call last):
  File "C:\Python38\lib\unittest\loader.py", line 436, in _find_test_path
    module = self._get_module_from_name(name)
  File "C:\Python38\lib\unittest\loader.py", line 377, in _get_module_from_name
    __import__(name)
  File "C:\Users\jiang\PycharmProjects\AndroiUiaotomator\Test\Testcase\Test_23.py", line 1
    '''
    ^
SyntaxError: (unicode error) 'utf-8' codec can't decode byte 0xb2 in position 44: invalid start byte



        </pre>
    </div>
    <!--css div popup end-->

    </td>
</tr>

<tr id='ft1.45' class='none'>
    <td class='errorCase'><div class='testcase'>Test_24</div></td>
    <td colspan='5' align='center'>

    <!--css div popup start-->
    <a class="popup_link" onfocus='this.blur();' href="javascript:showTestDetail('div_ft1.45')" >
        error</a>

    <div id='div_ft1.45' class="popup_window">
        <div style='text-align: right; color:red;cursor:pointer'>
        <a onfocus='this.blur();' onclick="document.getElementById('div_ft1.45').style.display = 'none' " >
           [x]</a>
        </div>
        <pre>
        
ft1.45: ImportError: Failed to import test module: Test_24
Traceback (most recent call last):
  File "C:\Python38\lib\unittest\loader.py", line 436, in _find_test_path
    module = self._get_module_from_name(name)
  File "C:\Python38\lib\unittest\loader.py", line 377, in _get_module_from_name
    __import__(name)
  File "C:\Users\jiang\PycharmProjects\AndroiUiaotomator\Test\Testcase\Test_24.py", line 1
    '''
    ^
SyntaxError: (unicode error) 'utf-8' codec can't decode byte 0xb2 in position 44: invalid start byte



        </pre>
    </div>
    <!--css div popup end-->

    </td>
</tr>

<tr id='ft1.46' class='none'>
    <td class='errorCase'><div class='testcase'>Test_25</div></td>
    <td colspan='5' align='center'>

    <!--css div popup start-->
    <a class="popup_link" onfocus='this.blur();' href="javascript:showTestDetail('div_ft1.46')" >
        error</a>

    <div id='div_ft1.46' class="popup_window">
        <div style='text-align: right; color:red;cursor:pointer'>
        <a onfocus='this.blur();' onclick="document.getElementById('div_ft1.46').style.display = 'none' " >
           [x]</a>
        </div>
        <pre>
        
ft1.46: ImportError: Failed to import test module: Test_25
Traceback (most recent call last):
  File "C:\Python38\lib\unittest\loader.py", line 436, in _find_test_path
    module = self._get_module_from_name(name)
  File "C:\Python38\lib\unittest\loader.py", line 377, in _get_module_from_name
    __import__(name)
  File "C:\Users\jiang\PycharmProjects\AndroiUiaotomator\Test\Testcase\Test_25.py", line 1
    '''
    ^
SyntaxError: (unicode error) 'utf-8' codec can't decode byte 0xb2 in position 44: invalid start byte



        </pre>
    </div>
    <!--css div popup end-->

    </td>
</tr>

<tr id='ft1.47' class='none'>
    <td class='errorCase'><div class='testcase'>Test_26</div></td>
    <td colspan='5' align='center'>

    <!--css div popup start-->
    <a class="popup_link" onfocus='this.blur();' href="javascript:showTestDetail('div_ft1.47')" >
        error</a>

    <div id='div_ft1.47' class="popup_window">
        <div style='text-align: right; color:red;cursor:pointer'>
        <a onfocus='this.blur();' onclick="document.getElementById('div_ft1.47').style.display = 'none' " >
           [x]</a>
        </div>
        <pre>
        
ft1.47: ImportError: Failed to import test module: Test_26
Traceback (most recent call last):
  File "C:\Python38\lib\unittest\loader.py", line 436, in _find_test_path
    module = self._get_module_from_name(name)
  File "C:\Python38\lib\unittest\loader.py", line 377, in _get_module_from_name
    __import__(name)
  File "C:\Users\jiang\PycharmProjects\AndroiUiaotomator\Test\Testcase\Test_26.py", line 1
    '''
    ^
SyntaxError: (unicode error) 'utf-8' codec can't decode byte 0xb2 in position 44: invalid start byte



        </pre>
    </div>
    <!--css div popup end-->

    </td>
</tr>

<tr id='ft1.48' class='none'>
    <td class='errorCase'><div class='testcase'>Test_27</div></td>
    <td colspan='5' align='center'>

    <!--css div popup start-->
    <a class="popup_link" onfocus='this.blur();' href="javascript:showTestDetail('div_ft1.48')" >
        error</a>

    <div id='div_ft1.48' class="popup_window">
        <div style='text-align: right; color:red;cursor:pointer'>
        <a onfocus='this.blur();' onclick="document.getElementById('div_ft1.48').style.display = 'none' " >
           [x]</a>
        </div>
        <pre>
        
ft1.48: ImportError: Failed to import test module: Test_27
Traceback (most recent call last):
  File "C:\Python38\lib\unittest\loader.py", line 436, in _find_test_path
    module = self._get_module_from_name(name)
  File "C:\Python38\lib\unittest\loader.py", line 377, in _get_module_from_name
    __import__(name)
  File "C:\Users\jiang\PycharmProjects\AndroiUiaotomator\Test\Testcase\Test_27.py", line 1
    '''
    ^
SyntaxError: (unicode error) 'utf-8' codec can't decode byte 0xb2 in position 44: invalid start byte



        </pre>
    </div>
    <!--css div popup end-->

    </td>
</tr>

<tr id='ft1.49' class='none'>
    <td class='errorCase'><div class='testcase'>Test_28</div></td>
    <td colspan='5' align='center'>

    <!--css div popup start-->
    <a class="popup_link" onfocus='this.blur();' href="javascript:showTestDetail('div_ft1.49')" >
        error</a>

    <div id='div_ft1.49' class="popup_window">
        <div style='text-align: right; color:red;cursor:pointer'>
        <a onfocus='this.blur();' onclick="document.getElementById('div_ft1.49').style.display = 'none' " >
           [x]</a>
        </div>
        <pre>
        
ft1.49: ImportError: Failed to import test module: Test_28
Traceback (most recent call last):
  File "C:\Python38\lib\unittest\loader.py", line 436, in _find_test_path
    module = self._get_module_from_name(name)
  File "C:\Python38\lib\unittest\loader.py", line 377, in _get_module_from_name
    __import__(name)
  File "C:\Users\jiang\PycharmProjects\AndroiUiaotomator\Test\Testcase\Test_28.py", line 1
    '''
    ^
SyntaxError: (unicode error) 'utf-8' codec can't decode byte 0xb2 in position 44: invalid start byte



        </pre>
    </div>
    <!--css div popup end-->

    </td>
</tr>

<tr id='ft1.50' class='none'>
    <td class='errorCase'><div class='testcase'>Test_29</div></td>
    <td colspan='5' align='center'>

    <!--css div popup start-->
    <a class="popup_link" onfocus='this.blur();' href="javascript:showTestDetail('div_ft1.50')" >
        error</a>

    <div id='div_ft1.50' class="popup_window">
        <div style='text-align: right; color:red;cursor:pointer'>
        <a onfocus='this.blur();' onclick="document.getElementById('div_ft1.50').style.display = 'none' " >
           [x]</a>
        </div>
        <pre>
        
ft1.50: ImportError: Failed to import test module: Test_29
Traceback (most recent call last):
  File "C:\Python38\lib\unittest\loader.py", line 436, in _find_test_path
    module = self._get_module_from_name(name)
  File "C:\Python38\lib\unittest\loader.py", line 377, in _get_module_from_name
    __import__(name)
  File "C:\Users\jiang\PycharmProjects\AndroiUiaotomator\Test\Testcase\Test_29.py", line 1
    '''
    ^
SyntaxError: (unicode error) 'utf-8' codec can't decode byte 0xb2 in position 44: invalid start byte



        </pre>
    </div>
    <!--css div popup end-->

    </td>
</tr>

<tr id='ft1.51' class='none'>
    <td class='errorCase'><div class='testcase'>Test_3</div></td>
    <td colspan='5' align='center'>

    <!--css div popup start-->
    <a class="popup_link" onfocus='this.blur();' href="javascript:showTestDetail('div_ft1.51')" >
        error</a>

    <div id='div_ft1.51' class="popup_window">
        <div style='text-align: right; color:red;cursor:pointer'>
        <a onfocus='this.blur();' onclick="document.getElementById('div_ft1.51').style.display = 'none' " >
           [x]</a>
        </div>
        <pre>
        
ft1.51: ImportError: Failed to import test module: Test_3
Traceback (most recent call last):
  File "C:\Python38\lib\unittest\loader.py", line 436, in _find_test_path
    module = self._get_module_from_name(name)
  File "C:\Python38\lib\unittest\loader.py", line 377, in _get_module_from_name
    __import__(name)
  File "C:\Users\jiang\PycharmProjects\AndroiUiaotomator\Test\Testcase\Test_3.py", line 1
    '''
    ^
SyntaxError: (unicode error) 'utf-8' codec can't decode byte 0xb2 in position 44: invalid start byte



        </pre>
    </div>
    <!--css div popup end-->

    </td>
</tr>

<tr id='ft1.52' class='none'>
    <td class='errorCase'><div class='testcase'>Test_30</div></td>
    <td colspan='5' align='center'>

    <!--css div popup start-->
    <a class="popup_link" onfocus='this.blur();' href="javascript:showTestDetail('div_ft1.52')" >
        error</a>

    <div id='div_ft1.52' class="popup_window">
        <div style='text-align: right; color:red;cursor:pointer'>
        <a onfocus='this.blur();' onclick="document.getElementById('div_ft1.52').style.display = 'none' " >
           [x]</a>
        </div>
        <pre>
        
ft1.52: ImportError: Failed to import test module: Test_30
Traceback (most recent call last):
  File "C:\Python38\lib\unittest\loader.py", line 436, in _find_test_path
    module = self._get_module_from_name(name)
  File "C:\Python38\lib\unittest\loader.py", line 377, in _get_module_from_name
    __import__(name)
  File "C:\Users\jiang\PycharmProjects\AndroiUiaotomator\Test\Testcase\Test_30.py", line 1
    '''
    ^
SyntaxError: (unicode error) 'utf-8' codec can't decode byte 0xb2 in position 44: invalid start byte



        </pre>
    </div>
    <!--css div popup end-->

    </td>
</tr>

<tr id='ft1.53' class='none'>
    <td class='errorCase'><div class='testcase'>Test_31</div></td>
    <td colspan='5' align='center'>

    <!--css div popup start-->
    <a class="popup_link" onfocus='this.blur();' href="javascript:showTestDetail('div_ft1.53')" >
        error</a>

    <div id='div_ft1.53' class="popup_window">
        <div style='text-align: right; color:red;cursor:pointer'>
        <a onfocus='this.blur();' onclick="document.getElementById('div_ft1.53').style.display = 'none' " >
           [x]</a>
        </div>
        <pre>
        
ft1.53: ImportError: Failed to import test module: Test_31
Traceback (most recent call last):
  File "C:\Python38\lib\unittest\loader.py", line 436, in _find_test_path
    module = self._get_module_from_name(name)
  File "C:\Python38\lib\unittest\loader.py", line 377, in _get_module_from_name
    __import__(name)
  File "C:\Users\jiang\PycharmProjects\AndroiUiaotomator\Test\Testcase\Test_31.py", line 1
    '''
    ^
SyntaxError: (unicode error) 'utf-8' codec can't decode byte 0xb2 in position 44: invalid start byte



        </pre>
    </div>
    <!--css div popup end-->

    </td>
</tr>

<tr id='ft1.54' class='none'>
    <td class='errorCase'><div class='testcase'>Test_32</div></td>
    <td colspan='5' align='center'>

    <!--css div popup start-->
    <a class="popup_link" onfocus='this.blur();' href="javascript:showTestDetail('div_ft1.54')" >
        error</a>

    <div id='div_ft1.54' class="popup_window">
        <div style='text-align: right; color:red;cursor:pointer'>
        <a onfocus='this.blur();' onclick="document.getElementById('div_ft1.54').style.display = 'none' " >
           [x]</a>
        </div>
        <pre>
        
ft1.54: ImportError: Failed to import test module: Test_32
Traceback (most recent call last):
  File "C:\Python38\lib\unittest\loader.py", line 436, in _find_test_path
    module = self._get_module_from_name(name)
  File "C:\Python38\lib\unittest\loader.py", line 377, in _get_module_from_name
    __import__(name)
  File "C:\Users\jiang\PycharmProjects\AndroiUiaotomator\Test\Testcase\Test_32.py", line 1
    '''
    ^
SyntaxError: (unicode error) 'utf-8' codec can't decode byte 0xb2 in position 44: invalid start byte



        </pre>
    </div>
    <!--css div popup end-->

    </td>
</tr>

<tr id='ft1.55' class='none'>
    <td class='errorCase'><div class='testcase'>Test_33</div></td>
    <td colspan='5' align='center'>

    <!--css div popup start-->
    <a class="popup_link" onfocus='this.blur();' href="javascript:showTestDetail('div_ft1.55')" >
        error</a>

    <div id='div_ft1.55' class="popup_window">
        <div style='text-align: right; color:red;cursor:pointer'>
        <a onfocus='this.blur();' onclick="document.getElementById('div_ft1.55').style.display = 'none' " >
           [x]</a>
        </div>
        <pre>
        
ft1.55: ImportError: Failed to import test module: Test_33
Traceback (most recent call last):
  File "C:\Python38\lib\unittest\loader.py", line 436, in _find_test_path
    module = self._get_module_from_name(name)
  File "C:\Python38\lib\unittest\loader.py", line 377, in _get_module_from_name
    __import__(name)
  File "C:\Users\jiang\PycharmProjects\AndroiUiaotomator\Test\Testcase\Test_33.py", line 1
    '''
    ^
SyntaxError: (unicode error) 'utf-8' codec can't decode byte 0xb2 in position 44: invalid start byte



        </pre>
    </div>
    <!--css div popup end-->

    </td>
</tr>

<tr id='ft1.56' class='none'>
    <td class='errorCase'><div class='testcase'>Test_34</div></td>
    <td colspan='5' align='center'>

    <!--css div popup start-->
    <a class="popup_link" onfocus='this.blur();' href="javascript:showTestDetail('div_ft1.56')" >
        error</a>

    <div id='div_ft1.56' class="popup_window">
        <div style='text-align: right; color:red;cursor:pointer'>
        <a onfocus='this.blur();' onclick="document.getElementById('div_ft1.56').style.display = 'none' " >
           [x]</a>
        </div>
        <pre>
        
ft1.56: ImportError: Failed to import test module: Test_34
Traceback (most recent call last):
  File "C:\Python38\lib\unittest\loader.py", line 436, in _find_test_path
    module = self._get_module_from_name(name)
  File "C:\Python38\lib\unittest\loader.py", line 377, in _get_module_from_name
    __import__(name)
  File "C:\Users\jiang\PycharmProjects\AndroiUiaotomator\Test\Testcase\Test_34.py", line 1
    '''
    ^
SyntaxError: (unicode error) 'utf-8' codec can't decode byte 0xb2 in position 44: invalid start byte



        </pre>
    </div>
    <!--css div popup end-->

    </td>
</tr>

<tr id='ft1.57' class='none'>
    <td class='errorCase'><div class='testcase'>Test_35</div></td>
    <td colspan='5' align='center'>

    <!--css div popup start-->
    <a class="popup_link" onfocus='this.blur();' href="javascript:showTestDetail('div_ft1.57')" >
        error</a>

    <div id='div_ft1.57' class="popup_window">
        <div style='text-align: right; color:red;cursor:pointer'>
        <a onfocus='this.blur();' onclick="document.getElementById('div_ft1.57').style.display = 'none' " >
           [x]</a>
        </div>
        <pre>
        
ft1.57: ImportError: Failed to import test module: Test_35
Traceback (most recent call last):
  File "C:\Python38\lib\unittest\loader.py", line 436, in _find_test_path
    module = self._get_module_from_name(name)
  File "C:\Python38\lib\unittest\loader.py", line 377, in _get_module_from_name
    __import__(name)
  File "C:\Users\jiang\PycharmProjects\AndroiUiaotomator\Test\Testcase\Test_35.py", line 1
    '''
    ^
SyntaxError: (unicode error) 'utf-8' codec can't decode byte 0xb2 in position 44: invalid start byte



        </pre>
    </div>
    <!--css div popup end-->

    </td>
</tr>

<tr id='ft1.58' class='none'>
    <td class='errorCase'><div class='testcase'>Test_36</div></td>
    <td colspan='5' align='center'>

    <!--css div popup start-->
    <a class="popup_link" onfocus='this.blur();' href="javascript:showTestDetail('div_ft1.58')" >
        error</a>

    <div id='div_ft1.58' class="popup_window">
        <div style='text-align: right; color:red;cursor:pointer'>
        <a onfocus='this.blur();' onclick="document.getElementById('div_ft1.58').style.display = 'none' " >
           [x]</a>
        </div>
        <pre>
        
ft1.58: ImportError: Failed to import test module: Test_36
Traceback (most recent call last):
  File "C:\Python38\lib\unittest\loader.py", line 436, in _find_test_path
    module = self._get_module_from_name(name)
  File "C:\Python38\lib\unittest\loader.py", line 377, in _get_module_from_name
    __import__(name)
  File "C:\Users\jiang\PycharmProjects\AndroiUiaotomator\Test\Testcase\Test_36.py", line 1
    '''
    ^
SyntaxError: (unicode error) 'utf-8' codec can't decode byte 0xb2 in position 44: invalid start byte



        </pre>
    </div>
    <!--css div popup end-->

    </td>
</tr>

<tr id='ft1.59' class='none'>
    <td class='errorCase'><div class='testcase'>Test_37</div></td>
    <td colspan='5' align='center'>

    <!--css div popup start-->
    <a class="popup_link" onfocus='this.blur();' href="javascript:showTestDetail('div_ft1.59')" >
        error</a>

    <div id='div_ft1.59' class="popup_window">
        <div style='text-align: right; color:red;cursor:pointer'>
        <a onfocus='this.blur();' onclick="document.getElementById('div_ft1.59').style.display = 'none' " >
           [x]</a>
        </div>
        <pre>
        
ft1.59: ImportError: Failed to import test module: Test_37
Traceback (most recent call last):
  File "C:\Python38\lib\unittest\loader.py", line 436, in _find_test_path
    module = self._get_module_from_name(name)
  File "C:\Python38\lib\unittest\loader.py", line 377, in _get_module_from_name
    __import__(name)
  File "C:\Users\jiang\PycharmProjects\AndroiUiaotomator\Test\Testcase\Test_37.py", line 1
    '''
    ^
SyntaxError: (unicode error) 'utf-8' codec can't decode byte 0xb2 in position 44: invalid start byte



        </pre>
    </div>
    <!--css div popup end-->

    </td>
</tr>

<tr id='ft1.60' class='none'>
    <td class='errorCase'><div class='testcase'>Test_38</div></td>
    <td colspan='5' align='center'>

    <!--css div popup start-->
    <a class="popup_link" onfocus='this.blur();' href="javascript:showTestDetail('div_ft1.60')" >
        error</a>

    <div id='div_ft1.60' class="popup_window">
        <div style='text-align: right; color:red;cursor:pointer'>
        <a onfocus='this.blur();' onclick="document.getElementById('div_ft1.60').style.display = 'none' " >
           [x]</a>
        </div>
        <pre>
        
ft1.60: ImportError: Failed to import test module: Test_38
Traceback (most recent call last):
  File "C:\Python38\lib\unittest\loader.py", line 436, in _find_test_path
    module = self._get_module_from_name(name)
  File "C:\Python38\lib\unittest\loader.py", line 377, in _get_module_from_name
    __import__(name)
  File "C:\Users\jiang\PycharmProjects\AndroiUiaotomator\Test\Testcase\Test_38.py", line 1
    '''
    ^
SyntaxError: (unicode error) 'utf-8' codec can't decode byte 0xb2 in position 44: invalid start byte



        </pre>
    </div>
    <!--css div popup end-->

    </td>
</tr>

<tr id='ft1.61' class='none'>
    <td class='errorCase'><div class='testcase'>Test_39</div></td>
    <td colspan='5' align='center'>

    <!--css div popup start-->
    <a class="popup_link" onfocus='this.blur();' href="javascript:showTestDetail('div_ft1.61')" >
        error</a>

    <div id='div_ft1.61' class="popup_window">
        <div style='text-align: right; color:red;cursor:pointer'>
        <a onfocus='this.blur();' onclick="document.getElementById('div_ft1.61').style.display = 'none' " >
           [x]</a>
        </div>
        <pre>
        
ft1.61: ImportError: Failed to import test module: Test_39
Traceback (most recent call last):
  File "C:\Python38\lib\unittest\loader.py", line 436, in _find_test_path
    module = self._get_module_from_name(name)
  File "C:\Python38\lib\unittest\loader.py", line 377, in _get_module_from_name
    __import__(name)
  File "C:\Users\jiang\PycharmProjects\AndroiUiaotomator\Test\Testcase\Test_39.py", line 1
    '''
    ^
SyntaxError: (unicode error) 'utf-8' codec can't decode byte 0xb2 in position 44: invalid start byte



        </pre>
    </div>
    <!--css div popup end-->

    </td>
</tr>

<tr id='ft1.62' class='none'>
    <td class='errorCase'><div class='testcase'>Test_4</div></td>
    <td colspan='5' align='center'>

    <!--css div popup start-->
    <a class="popup_link" onfocus='this.blur();' href="javascript:showTestDetail('div_ft1.62')" >
        error</a>

    <div id='div_ft1.62' class="popup_window">
        <div style='text-align: right; color:red;cursor:pointer'>
        <a onfocus='this.blur();' onclick="document.getElementById('div_ft1.62').style.display = 'none' " >
           [x]</a>
        </div>
        <pre>
        
ft1.62: ImportError: Failed to import test module: Test_4
Traceback (most recent call last):
  File "C:\Python38\lib\unittest\loader.py", line 436, in _find_test_path
    module = self._get_module_from_name(name)
  File "C:\Python38\lib\unittest\loader.py", line 377, in _get_module_from_name
    __import__(name)
  File "C:\Users\jiang\PycharmProjects\AndroiUiaotomator\Test\Testcase\Test_4.py", line 1
    '''
    ^
SyntaxError: (unicode error) 'utf-8' codec can't decode byte 0xb2 in position 44: invalid start byte



        </pre>
    </div>
    <!--css div popup end-->

    </td>
</tr>

<tr id='ft1.63' class='none'>
    <td class='errorCase'><div class='testcase'>Test_40</div></td>
    <td colspan='5' align='center'>

    <!--css div popup start-->
    <a class="popup_link" onfocus='this.blur();' href="javascript:showTestDetail('div_ft1.63')" >
        error</a>

    <div id='div_ft1.63' class="popup_window">
        <div style='text-align: right; color:red;cursor:pointer'>
        <a onfocus='this.blur();' onclick="document.getElementById('div_ft1.63').style.display = 'none' " >
           [x]</a>
        </div>
        <pre>
        
ft1.63: ImportError: Failed to import test module: Test_40
Traceback (most recent call last):
  File "C:\Python38\lib\unittest\loader.py", line 436, in _find_test_path
    module = self._get_module_from_name(name)
  File "C:\Python38\lib\unittest\loader.py", line 377, in _get_module_from_name
    __import__(name)
  File "C:\Users\jiang\PycharmProjects\AndroiUiaotomator\Test\Testcase\Test_40.py", line 1
    '''
    ^
SyntaxError: (unicode error) 'utf-8' codec can't decode byte 0xb2 in position 44: invalid start byte



        </pre>
    </div>
    <!--css div popup end-->

    </td>
</tr>

<tr id='ft1.64' class='none'>
    <td class='errorCase'><div class='testcase'>Test_41</div></td>
    <td colspan='5' align='center'>

    <!--css div popup start-->
    <a class="popup_link" onfocus='this.blur();' href="javascript:showTestDetail('div_ft1.64')" >
        error</a>

    <div id='div_ft1.64' class="popup_window">
        <div style='text-align: right; color:red;cursor:pointer'>
        <a onfocus='this.blur();' onclick="document.getElementById('div_ft1.64').style.display = 'none' " >
           [x]</a>
        </div>
        <pre>
        
ft1.64: ImportError: Failed to import test module: Test_41
Traceback (most recent call last):
  File "C:\Python38\lib\unittest\loader.py", line 436, in _find_test_path
    module = self._get_module_from_name(name)
  File "C:\Python38\lib\unittest\loader.py", line 377, in _get_module_from_name
    __import__(name)
  File "C:\Users\jiang\PycharmProjects\AndroiUiaotomator\Test\Testcase\Test_41.py", line 1
    '''
    ^
SyntaxError: (unicode error) 'utf-8' codec can't decode byte 0xb2 in position 44: invalid start byte



        </pre>
    </div>
    <!--css div popup end-->

    </td>
</tr>

<tr id='ft1.65' class='none'>
    <td class='errorCase'><div class='testcase'>Test_42</div></td>
    <td colspan='5' align='center'>

    <!--css div popup start-->
    <a class="popup_link" onfocus='this.blur();' href="javascript:showTestDetail('div_ft1.65')" >
        error</a>

    <div id='div_ft1.65' class="popup_window">
        <div style='text-align: right; color:red;cursor:pointer'>
        <a onfocus='this.blur();' onclick="document.getElementById('div_ft1.65').style.display = 'none' " >
           [x]</a>
        </div>
        <pre>
        
ft1.65: ImportError: Failed to import test module: Test_42
Traceback (most recent call last):
  File "C:\Python38\lib\unittest\loader.py", line 436, in _find_test_path
    module = self._get_module_from_name(name)
  File "C:\Python38\lib\unittest\loader.py", line 377, in _get_module_from_name
    __import__(name)
  File "C:\Users\jiang\PycharmProjects\AndroiUiaotomator\Test\Testcase\Test_42.py", line 1
    '''
    ^
SyntaxError: (unicode error) 'utf-8' codec can't decode byte 0xb2 in position 44: invalid start byte



        </pre>
    </div>
    <!--css div popup end-->

    </td>
</tr>

<tr id='ft1.66' class='none'>
    <td class='errorCase'><div class='testcase'>Test_43</div></td>
    <td colspan='5' align='center'>

    <!--css div popup start-->
    <a class="popup_link" onfocus='this.blur();' href="javascript:showTestDetail('div_ft1.66')" >
        error</a>

    <div id='div_ft1.66' class="popup_window">
        <div style='text-align: right; color:red;cursor:pointer'>
        <a onfocus='this.blur();' onclick="document.getElementById('div_ft1.66').style.display = 'none' " >
           [x]</a>
        </div>
        <pre>
        
ft1.66: ImportError: Failed to import test module: Test_43
Traceback (most recent call last):
  File "C:\Python38\lib\unittest\loader.py", line 436, in _find_test_path
    module = self._get_module_from_name(name)
  File "C:\Python38\lib\unittest\loader.py", line 377, in _get_module_from_name
    __import__(name)
  File "C:\Users\jiang\PycharmProjects\AndroiUiaotomator\Test\Testcase\Test_43.py", line 1
    '''
    ^
SyntaxError: (unicode error) 'utf-8' codec can't decode byte 0xb2 in position 44: invalid start byte



        </pre>
    </div>
    <!--css div popup end-->

    </td>
</tr>

<tr id='ft1.67' class='none'>
    <td class='errorCase'><div class='testcase'>Test_44</div></td>
    <td colspan='5' align='center'>

    <!--css div popup start-->
    <a class="popup_link" onfocus='this.blur();' href="javascript:showTestDetail('div_ft1.67')" >
        error</a>

    <div id='div_ft1.67' class="popup_window">
        <div style='text-align: right; color:red;cursor:pointer'>
        <a onfocus='this.blur();' onclick="document.getElementById('div_ft1.67').style.display = 'none' " >
           [x]</a>
        </div>
        <pre>
        
ft1.67: ImportError: Failed to import test module: Test_44
Traceback (most recent call last):
  File "C:\Python38\lib\unittest\loader.py", line 436, in _find_test_path
    module = self._get_module_from_name(name)
  File "C:\Python38\lib\unittest\loader.py", line 377, in _get_module_from_name
    __import__(name)
  File "C:\Users\jiang\PycharmProjects\AndroiUiaotomator\Test\Testcase\Test_44.py", line 1
    '''
    ^
SyntaxError: (unicode error) 'utf-8' codec can't decode byte 0xb2 in position 44: invalid start byte



        </pre>
    </div>
    <!--css div popup end-->

    </td>
</tr>

<tr id='ft1.68' class='none'>
    <td class='errorCase'><div class='testcase'>Test_45</div></td>
    <td colspan='5' align='center'>

    <!--css div popup start-->
    <a class="popup_link" onfocus='this.blur();' href="javascript:showTestDetail('div_ft1.68')" >
        error</a>

    <div id='div_ft1.68' class="popup_window">
        <div style='text-align: right; color:red;cursor:pointer'>
        <a onfocus='this.blur();' onclick="document.getElementById('div_ft1.68').style.display = 'none' " >
           [x]</a>
        </div>
        <pre>
        
ft1.68: ImportError: Failed to import test module: Test_45
Traceback (most recent call last):
  File "C:\Python38\lib\unittest\loader.py", line 436, in _find_test_path
    module = self._get_module_from_name(name)
  File "C:\Python38\lib\unittest\loader.py", line 377, in _get_module_from_name
    __import__(name)
  File "C:\Users\jiang\PycharmProjects\AndroiUiaotomator\Test\Testcase\Test_45.py", line 1
    '''
    ^
SyntaxError: (unicode error) 'utf-8' codec can't decode byte 0xb2 in position 44: invalid start byte



        </pre>
    </div>
    <!--css div popup end-->

    </td>
</tr>

<tr id='ft1.69' class='none'>
    <td class='errorCase'><div class='testcase'>Test_46</div></td>
    <td colspan='5' align='center'>

    <!--css div popup start-->
    <a class="popup_link" onfocus='this.blur();' href="javascript:showTestDetail('div_ft1.69')" >
        error</a>

    <div id='div_ft1.69' class="popup_window">
        <div style='text-align: right; color:red;cursor:pointer'>
        <a onfocus='this.blur();' onclick="document.getElementById('div_ft1.69').style.display = 'none' " >
           [x]</a>
        </div>
        <pre>
        
ft1.69: ImportError: Failed to import test module: Test_46
Traceback (most recent call last):
  File "C:\Python38\lib\unittest\loader.py", line 436, in _find_test_path
    module = self._get_module_from_name(name)
  File "C:\Python38\lib\unittest\loader.py", line 377, in _get_module_from_name
    __import__(name)
  File "C:\Users\jiang\PycharmProjects\AndroiUiaotomator\Test\Testcase\Test_46.py", line 1
    '''
    ^
SyntaxError: (unicode error) 'utf-8' codec can't decode byte 0xb2 in position 44: invalid start byte



        </pre>
    </div>
    <!--css div popup end-->

    </td>
</tr>

<tr id='ft1.70' class='none'>
    <td class='errorCase'><div class='testcase'>Test_47</div></td>
    <td colspan='5' align='center'>

    <!--css div popup start-->
    <a class="popup_link" onfocus='this.blur();' href="javascript:showTestDetail('div_ft1.70')" >
        error</a>

    <div id='div_ft1.70' class="popup_window">
        <div style='text-align: right; color:red;cursor:pointer'>
        <a onfocus='this.blur();' onclick="document.getElementById('div_ft1.70').style.display = 'none' " >
           [x]</a>
        </div>
        <pre>
        
ft1.70: ImportError: Failed to import test module: Test_47
Traceback (most recent call last):
  File "C:\Python38\lib\unittest\loader.py", line 436, in _find_test_path
    module = self._get_module_from_name(name)
  File "C:\Python38\lib\unittest\loader.py", line 377, in _get_module_from_name
    __import__(name)
  File "C:\Users\jiang\PycharmProjects\AndroiUiaotomator\Test\Testcase\Test_47.py", line 1
    '''
    ^
SyntaxError: (unicode error) 'utf-8' codec can't decode byte 0xb2 in position 44: invalid start byte



        </pre>
    </div>
    <!--css div popup end-->

    </td>
</tr>

<tr id='ft1.71' class='none'>
    <td class='errorCase'><div class='testcase'>Test_48</div></td>
    <td colspan='5' align='center'>

    <!--css div popup start-->
    <a class="popup_link" onfocus='this.blur();' href="javascript:showTestDetail('div_ft1.71')" >
        error</a>

    <div id='div_ft1.71' class="popup_window">
        <div style='text-align: right; color:red;cursor:pointer'>
        <a onfocus='this.blur();' onclick="document.getElementById('div_ft1.71').style.display = 'none' " >
           [x]</a>
        </div>
        <pre>
        
ft1.71: ImportError: Failed to import test module: Test_48
Traceback (most recent call last):
  File "C:\Python38\lib\unittest\loader.py", line 436, in _find_test_path
    module = self._get_module_from_name(name)
  File "C:\Python38\lib\unittest\loader.py", line 377, in _get_module_from_name
    __import__(name)
  File "C:\Users\jiang\PycharmProjects\AndroiUiaotomator\Test\Testcase\Test_48.py", line 1
    '''
    ^
SyntaxError: (unicode error) 'utf-8' codec can't decode byte 0xb2 in position 44: invalid start byte



        </pre>
    </div>
    <!--css div popup end-->

    </td>
</tr>

<tr id='ft1.72' class='none'>
    <td class='errorCase'><div class='testcase'>Test_49</div></td>
    <td colspan='5' align='center'>

    <!--css div popup start-->
    <a class="popup_link" onfocus='this.blur();' href="javascript:showTestDetail('div_ft1.72')" >
        error</a>

    <div id='div_ft1.72' class="popup_window">
        <div style='text-align: right; color:red;cursor:pointer'>
        <a onfocus='this.blur();' onclick="document.getElementById('div_ft1.72').style.display = 'none' " >
           [x]</a>
        </div>
        <pre>
        
ft1.72: ImportError: Failed to import test module: Test_49
Traceback (most recent call last):
  File "C:\Python38\lib\unittest\loader.py", line 436, in _find_test_path
    module = self._get_module_from_name(name)
  File "C:\Python38\lib\unittest\loader.py", line 377, in _get_module_from_name
    __import__(name)
  File "C:\Users\jiang\PycharmProjects\AndroiUiaotomator\Test\Testcase\Test_49.py", line 1
    '''
    ^
SyntaxError: (unicode error) 'utf-8' codec can't decode byte 0xb2 in position 44: invalid start byte



        </pre>
    </div>
    <!--css div popup end-->

    </td>
</tr>

<tr id='ft1.73' class='none'>
    <td class='errorCase'><div class='testcase'>Test_5</div></td>
    <td colspan='5' align='center'>

    <!--css div popup start-->
    <a class="popup_link" onfocus='this.blur();' href="javascript:showTestDetail('div_ft1.73')" >
        error</a>

    <div id='div_ft1.73' class="popup_window">
        <div style='text-align: right; color:red;cursor:pointer'>
        <a onfocus='this.blur();' onclick="document.getElementById('div_ft1.73').style.display = 'none' " >
           [x]</a>
        </div>
        <pre>
        
ft1.73: ImportError: Failed to import test module: Test_5
Traceback (most recent call last):
  File "C:\Python38\lib\unittest\loader.py", line 436, in _find_test_path
    module = self._get_module_from_name(name)
  File "C:\Python38\lib\unittest\loader.py", line 377, in _get_module_from_name
    __import__(name)
  File "C:\Users\jiang\PycharmProjects\AndroiUiaotomator\Test\Testcase\Test_5.py", line 1
    '''
    ^
SyntaxError: (unicode error) 'utf-8' codec can't decode byte 0xb2 in position 44: invalid start byte



        </pre>
    </div>
    <!--css div popup end-->

    </td>
</tr>

<tr id='ft1.74' class='none'>
    <td class='errorCase'><div class='testcase'>Test_50</div></td>
    <td colspan='5' align='center'>

    <!--css div popup start-->
    <a class="popup_link" onfocus='this.blur();' href="javascript:showTestDetail('div_ft1.74')" >
        error</a>

    <div id='div_ft1.74' class="popup_window">
        <div style='text-align: right; color:red;cursor:pointer'>
        <a onfocus='this.blur();' onclick="document.getElementById('div_ft1.74').style.display = 'none' " >
           [x]</a>
        </div>
        <pre>
        
ft1.74: ImportError: Failed to import test module: Test_50
Traceback (most recent call last):
  File "C:\Python38\lib\unittest\loader.py", line 436, in _find_test_path
    module = self._get_module_from_name(name)
  File "C:\Python38\lib\unittest\loader.py", line 377, in _get_module_from_name
    __import__(name)
  File "C:\Users\jiang\PycharmProjects\AndroiUiaotomator\Test\Testcase\Test_50.py", line 1
    '''
    ^
SyntaxError: (unicode error) 'utf-8' codec can't decode byte 0xb2 in position 44: invalid start byte



        </pre>
    </div>
    <!--css div popup end-->

    </td>
</tr>

<tr id='ft1.75' class='none'>
    <td class='errorCase'><div class='testcase'>Test_51</div></td>
    <td colspan='5' align='center'>

    <!--css div popup start-->
    <a class="popup_link" onfocus='this.blur();' href="javascript:showTestDetail('div_ft1.75')" >
        error</a>

    <div id='div_ft1.75' class="popup_window">
        <div style='text-align: right; color:red;cursor:pointer'>
        <a onfocus='this.blur();' onclick="document.getElementById('div_ft1.75').style.display = 'none' " >
           [x]</a>
        </div>
        <pre>
        
ft1.75: ImportError: Failed to import test module: Test_51
Traceback (most recent call last):
  File "C:\Python38\lib\unittest\loader.py", line 436, in _find_test_path
    module = self._get_module_from_name(name)
  File "C:\Python38\lib\unittest\loader.py", line 377, in _get_module_from_name
    __import__(name)
  File "C:\Users\jiang\PycharmProjects\AndroiUiaotomator\Test\Testcase\Test_51.py", line 1
    '''
    ^
SyntaxError: (unicode error) 'utf-8' codec can't decode byte 0xb2 in position 44: invalid start byte



        </pre>
    </div>
    <!--css div popup end-->

    </td>
</tr>

<tr id='ft1.76' class='none'>
    <td class='errorCase'><div class='testcase'>Test_52</div></td>
    <td colspan='5' align='center'>

    <!--css div popup start-->
    <a class="popup_link" onfocus='this.blur();' href="javascript:showTestDetail('div_ft1.76')" >
        error</a>

    <div id='div_ft1.76' class="popup_window">
        <div style='text-align: right; color:red;cursor:pointer'>
        <a onfocus='this.blur();' onclick="document.getElementById('div_ft1.76').style.display = 'none' " >
           [x]</a>
        </div>
        <pre>
        
ft1.76: ImportError: Failed to import test module: Test_52
Traceback (most recent call last):
  File "C:\Python38\lib\unittest\loader.py", line 436, in _find_test_path
    module = self._get_module_from_name(name)
  File "C:\Python38\lib\unittest\loader.py", line 377, in _get_module_from_name
    __import__(name)
  File "C:\Users\jiang\PycharmProjects\AndroiUiaotomator\Test\Testcase\Test_52.py", line 1
    '''
    ^
SyntaxError: (unicode error) 'utf-8' codec can't decode byte 0xb2 in position 44: invalid start byte



        </pre>
    </div>
    <!--css div popup end-->

    </td>
</tr>

<tr id='ft1.77' class='none'>
    <td class='errorCase'><div class='testcase'>Test_53</div></td>
    <td colspan='5' align='center'>

    <!--css div popup start-->
    <a class="popup_link" onfocus='this.blur();' href="javascript:showTestDetail('div_ft1.77')" >
        error</a>

    <div id='div_ft1.77' class="popup_window">
        <div style='text-align: right; color:red;cursor:pointer'>
        <a onfocus='this.blur();' onclick="document.getElementById('div_ft1.77').style.display = 'none' " >
           [x]</a>
        </div>
        <pre>
        
ft1.77: ImportError: Failed to import test module: Test_53
Traceback (most recent call last):
  File "C:\Python38\lib\unittest\loader.py", line 436, in _find_test_path
    module = self._get_module_from_name(name)
  File "C:\Python38\lib\unittest\loader.py", line 377, in _get_module_from_name
    __import__(name)
  File "C:\Users\jiang\PycharmProjects\AndroiUiaotomator\Test\Testcase\Test_53.py", line 1
    '''
    ^
SyntaxError: (unicode error) 'utf-8' codec can't decode byte 0xb2 in position 44: invalid start byte



        </pre>
    </div>
    <!--css div popup end-->

    </td>
</tr>

<tr id='ft1.78' class='none'>
    <td class='errorCase'><div class='testcase'>Test_54</div></td>
    <td colspan='5' align='center'>

    <!--css div popup start-->
    <a class="popup_link" onfocus='this.blur();' href="javascript:showTestDetail('div_ft1.78')" >
        error</a>

    <div id='div_ft1.78' class="popup_window">
        <div style='text-align: right; color:red;cursor:pointer'>
        <a onfocus='this.blur();' onclick="document.getElementById('div_ft1.78').style.display = 'none' " >
           [x]</a>
        </div>
        <pre>
        
ft1.78: ImportError: Failed to import test module: Test_54
Traceback (most recent call last):
  File "C:\Python38\lib\unittest\loader.py", line 436, in _find_test_path
    module = self._get_module_from_name(name)
  File "C:\Python38\lib\unittest\loader.py", line 377, in _get_module_from_name
    __import__(name)
  File "C:\Users\jiang\PycharmProjects\AndroiUiaotomator\Test\Testcase\Test_54.py", line 1
    '''
    ^
SyntaxError: (unicode error) 'utf-8' codec can't decode byte 0xb2 in position 44: invalid start byte



        </pre>
    </div>
    <!--css div popup end-->

    </td>
</tr>

<tr id='ft1.79' class='none'>
    <td class='errorCase'><div class='testcase'>Test_55</div></td>
    <td colspan='5' align='center'>

    <!--css div popup start-->
    <a class="popup_link" onfocus='this.blur();' href="javascript:showTestDetail('div_ft1.79')" >
        error</a>

    <div id='div_ft1.79' class="popup_window">
        <div style='text-align: right; color:red;cursor:pointer'>
        <a onfocus='this.blur();' onclick="document.getElementById('div_ft1.79').style.display = 'none' " >
           [x]</a>
        </div>
        <pre>
        
ft1.79: ImportError: Failed to import test module: Test_55
Traceback (most recent call last):
  File "C:\Python38\lib\unittest\loader.py", line 436, in _find_test_path
    module = self._get_module_from_name(name)
  File "C:\Python38\lib\unittest\loader.py", line 377, in _get_module_from_name
    __import__(name)
  File "C:\Users\jiang\PycharmProjects\AndroiUiaotomator\Test\Testcase\Test_55.py", line 1
    '''
    ^
SyntaxError: (unicode error) 'utf-8' codec can't decode byte 0xb2 in position 44: invalid start byte



        </pre>
    </div>
    <!--css div popup end-->

    </td>
</tr>

<tr id='ft1.80' class='none'>
    <td class='errorCase'><div class='testcase'>Test_56</div></td>
    <td colspan='5' align='center'>

    <!--css div popup start-->
    <a class="popup_link" onfocus='this.blur();' href="javascript:showTestDetail('div_ft1.80')" >
        error</a>

    <div id='div_ft1.80' class="popup_window">
        <div style='text-align: right; color:red;cursor:pointer'>
        <a onfocus='this.blur();' onclick="document.getElementById('div_ft1.80').style.display = 'none' " >
           [x]</a>
        </div>
        <pre>
        
ft1.80: ImportError: Failed to import test module: Test_56
Traceback (most recent call last):
  File "C:\Python38\lib\unittest\loader.py", line 436, in _find_test_path
    module = self._get_module_from_name(name)
  File "C:\Python38\lib\unittest\loader.py", line 377, in _get_module_from_name
    __import__(name)
  File "C:\Users\jiang\PycharmProjects\AndroiUiaotomator\Test\Testcase\Test_56.py", line 1
    '''
    ^
SyntaxError: (unicode error) 'utf-8' codec can't decode byte 0xb2 in position 44: invalid start byte



        </pre>
    </div>
    <!--css div popup end-->

    </td>
</tr>

<tr id='ft1.81' class='none'>
    <td class='errorCase'><div class='testcase'>Test_57</div></td>
    <td colspan='5' align='center'>

    <!--css div popup start-->
    <a class="popup_link" onfocus='this.blur();' href="javascript:showTestDetail('div_ft1.81')" >
        error</a>

    <div id='div_ft1.81' class="popup_window">
        <div style='text-align: right; color:red;cursor:pointer'>
        <a onfocus='this.blur();' onclick="document.getElementById('div_ft1.81').style.display = 'none' " >
           [x]</a>
        </div>
        <pre>
        
ft1.81: ImportError: Failed to import test module: Test_57
Traceback (most recent call last):
  File "C:\Python38\lib\unittest\loader.py", line 436, in _find_test_path
    module = self._get_module_from_name(name)
  File "C:\Python38\lib\unittest\loader.py", line 377, in _get_module_from_name
    __import__(name)
  File "C:\Users\jiang\PycharmProjects\AndroiUiaotomator\Test\Testcase\Test_57.py", line 1
    '''
    ^
SyntaxError: (unicode error) 'utf-8' codec can't decode byte 0xb2 in position 44: invalid start byte



        </pre>
    </div>
    <!--css div popup end-->

    </td>
</tr>

<tr id='ft1.82' class='none'>
    <td class='errorCase'><div class='testcase'>Test_58</div></td>
    <td colspan='5' align='center'>

    <!--css div popup start-->
    <a class="popup_link" onfocus='this.blur();' href="javascript:showTestDetail('div_ft1.82')" >
        error</a>

    <div id='div_ft1.82' class="popup_window">
        <div style='text-align: right; color:red;cursor:pointer'>
        <a onfocus='this.blur();' onclick="document.getElementById('div_ft1.82').style.display = 'none' " >
           [x]</a>
        </div>
        <pre>
        
ft1.82: ImportError: Failed to import test module: Test_58
Traceback (most recent call last):
  File "C:\Python38\lib\unittest\loader.py", line 436, in _find_test_path
    module = self._get_module_from_name(name)
  File "C:\Python38\lib\unittest\loader.py", line 377, in _get_module_from_name
    __import__(name)
  File "C:\Users\jiang\PycharmProjects\AndroiUiaotomator\Test\Testcase\Test_58.py", line 1
    '''
    ^
SyntaxError: (unicode error) 'utf-8' codec can't decode byte 0xb2 in position 44: invalid start byte



        </pre>
    </div>
    <!--css div popup end-->

    </td>
</tr>

<tr id='ft1.83' class='none'>
    <td class='errorCase'><div class='testcase'>Test_59</div></td>
    <td colspan='5' align='center'>

    <!--css div popup start-->
    <a class="popup_link" onfocus='this.blur();' href="javascript:showTestDetail('div_ft1.83')" >
        error</a>

    <div id='div_ft1.83' class="popup_window">
        <div style='text-align: right; color:red;cursor:pointer'>
        <a onfocus='this.blur();' onclick="document.getElementById('div_ft1.83').style.display = 'none' " >
           [x]</a>
        </div>
        <pre>
        
ft1.83: ImportError: Failed to import test module: Test_59
Traceback (most recent call last):
  File "C:\Python38\lib\unittest\loader.py", line 436, in _find_test_path
    module = self._get_module_from_name(name)
  File "C:\Python38\lib\unittest\loader.py", line 377, in _get_module_from_name
    __import__(name)
  File "C:\Users\jiang\PycharmProjects\AndroiUiaotomator\Test\Testcase\Test_59.py", line 1
    '''
    ^
SyntaxError: (unicode error) 'utf-8' codec can't decode byte 0xb2 in position 44: invalid start byte



        </pre>
    </div>
    <!--css div popup end-->

    </td>
</tr>

<tr id='ft1.84' class='none'>
    <td class='errorCase'><div class='testcase'>Test_6</div></td>
    <td colspan='5' align='center'>

    <!--css div popup start-->
    <a class="popup_link" onfocus='this.blur();' href="javascript:showTestDetail('div_ft1.84')" >
        error</a>

    <div id='div_ft1.84' class="popup_window">
        <div style='text-align: right; color:red;cursor:pointer'>
        <a onfocus='this.blur();' onclick="document.getElementById('div_ft1.84').style.display = 'none' " >
           [x]</a>
        </div>
        <pre>
        
ft1.84: ImportError: Failed to import test module: Test_6
Traceback (most recent call last):
  File "C:\Python38\lib\unittest\loader.py", line 436, in _find_test_path
    module = self._get_module_from_name(name)
  File "C:\Python38\lib\unittest\loader.py", line 377, in _get_module_from_name
    __import__(name)
  File "C:\Users\jiang\PycharmProjects\AndroiUiaotomator\Test\Testcase\Test_6.py", line 1
    '''
    ^
SyntaxError: (unicode error) 'utf-8' codec can't decode byte 0xb2 in position 44: invalid start byte



        </pre>
    </div>
    <!--css div popup end-->

    </td>
</tr>

<tr id='ft1.85' class='none'>
    <td class='errorCase'><div class='testcase'>Test_60</div></td>
    <td colspan='5' align='center'>

    <!--css div popup start-->
    <a class="popup_link" onfocus='this.blur();' href="javascript:showTestDetail('div_ft1.85')" >
        error</a>

    <div id='div_ft1.85' class="popup_window">
        <div style='text-align: right; color:red;cursor:pointer'>
        <a onfocus='this.blur();' onclick="document.getElementById('div_ft1.85').style.display = 'none' " >
           [x]</a>
        </div>
        <pre>
        
ft1.85: ImportError: Failed to import test module: Test_60
Traceback (most recent call last):
  File "C:\Python38\lib\unittest\loader.py", line 436, in _find_test_path
    module = self._get_module_from_name(name)
  File "C:\Python38\lib\unittest\loader.py", line 377, in _get_module_from_name
    __import__(name)
  File "C:\Users\jiang\PycharmProjects\AndroiUiaotomator\Test\Testcase\Test_60.py", line 1
    '''
    ^
SyntaxError: (unicode error) 'utf-8' codec can't decode byte 0xb2 in position 44: invalid start byte



        </pre>
    </div>
    <!--css div popup end-->

    </td>
</tr>

<tr id='ft1.86' class='none'>
    <td class='errorCase'><div class='testcase'>Test_61</div></td>
    <td colspan='5' align='center'>

    <!--css div popup start-->
    <a class="popup_link" onfocus='this.blur();' href="javascript:showTestDetail('div_ft1.86')" >
        error</a>

    <div id='div_ft1.86' class="popup_window">
        <div style='text-align: right; color:red;cursor:pointer'>
        <a onfocus='this.blur();' onclick="document.getElementById('div_ft1.86').style.display = 'none' " >
           [x]</a>
        </div>
        <pre>
        
ft1.86: ImportError: Failed to import test module: Test_61
Traceback (most recent call last):
  File "C:\Python38\lib\unittest\loader.py", line 436, in _find_test_path
    module = self._get_module_from_name(name)
  File "C:\Python38\lib\unittest\loader.py", line 377, in _get_module_from_name
    __import__(name)
  File "C:\Users\jiang\PycharmProjects\AndroiUiaotomator\Test\Testcase\Test_61.py", line 1
    '''
    ^
SyntaxError: (unicode error) 'utf-8' codec can't decode byte 0xb2 in position 44: invalid start byte



        </pre>
    </div>
    <!--css div popup end-->

    </td>
</tr>

<tr id='ft1.87' class='none'>
    <td class='errorCase'><div class='testcase'>Test_62</div></td>
    <td colspan='5' align='center'>

    <!--css div popup start-->
    <a class="popup_link" onfocus='this.blur();' href="javascript:showTestDetail('div_ft1.87')" >
        error</a>

    <div id='div_ft1.87' class="popup_window">
        <div style='text-align: right; color:red;cursor:pointer'>
        <a onfocus='this.blur();' onclick="document.getElementById('div_ft1.87').style.display = 'none' " >
           [x]</a>
        </div>
        <pre>
        
ft1.87: ImportError: Failed to import test module: Test_62
Traceback (most recent call last):
  File "C:\Python38\lib\unittest\loader.py", line 436, in _find_test_path
    module = self._get_module_from_name(name)
  File "C:\Python38\lib\unittest\loader.py", line 377, in _get_module_from_name
    __import__(name)
  File "C:\Users\jiang\PycharmProjects\AndroiUiaotomator\Test\Testcase\Test_62.py", line 1
    '''
    ^
SyntaxError: (unicode error) 'utf-8' codec can't decode byte 0xb2 in position 44: invalid start byte



        </pre>
    </div>
    <!--css div popup end-->

    </td>
</tr>

<tr id='ft1.88' class='none'>
    <td class='errorCase'><div class='testcase'>Test_63</div></td>
    <td colspan='5' align='center'>

    <!--css div popup start-->
    <a class="popup_link" onfocus='this.blur();' href="javascript:showTestDetail('div_ft1.88')" >
        error</a>

    <div id='div_ft1.88' class="popup_window">
        <div style='text-align: right; color:red;cursor:pointer'>
        <a onfocus='this.blur();' onclick="document.getElementById('div_ft1.88').style.display = 'none' " >
           [x]</a>
        </div>
        <pre>
        
ft1.88: ImportError: Failed to import test module: Test_63
Traceback (most recent call last):
  File "C:\Python38\lib\unittest\loader.py", line 436, in _find_test_path
    module = self._get_module_from_name(name)
  File "C:\Python38\lib\unittest\loader.py", line 377, in _get_module_from_name
    __import__(name)
  File "C:\Users\jiang\PycharmProjects\AndroiUiaotomator\Test\Testcase\Test_63.py", line 1
    '''
    ^
SyntaxError: (unicode error) 'utf-8' codec can't decode byte 0xb2 in position 44: invalid start byte



        </pre>
    </div>
    <!--css div popup end-->

    </td>
</tr>

<tr id='ft1.89' class='none'>
    <td class='errorCase'><div class='testcase'>Test_64</div></td>
    <td colspan='5' align='center'>

    <!--css div popup start-->
    <a class="popup_link" onfocus='this.blur();' href="javascript:showTestDetail('div_ft1.89')" >
        error</a>

    <div id='div_ft1.89' class="popup_window">
        <div style='text-align: right; color:red;cursor:pointer'>
        <a onfocus='this.blur();' onclick="document.getElementById('div_ft1.89').style.display = 'none' " >
           [x]</a>
        </div>
        <pre>
        
ft1.89: ImportError: Failed to import test module: Test_64
Traceback (most recent call last):
  File "C:\Python38\lib\unittest\loader.py", line 436, in _find_test_path
    module = self._get_module_from_name(name)
  File "C:\Python38\lib\unittest\loader.py", line 377, in _get_module_from_name
    __import__(name)
  File "C:\Users\jiang\PycharmProjects\AndroiUiaotomator\Test\Testcase\Test_64.py", line 1
    '''
    ^
SyntaxError: (unicode error) 'utf-8' codec can't decode byte 0xb2 in position 44: invalid start byte



        </pre>
    </div>
    <!--css div popup end-->

    </td>
</tr>

<tr id='ft1.90' class='none'>
    <td class='errorCase'><div class='testcase'>Test_65</div></td>
    <td colspan='5' align='center'>

    <!--css div popup start-->
    <a class="popup_link" onfocus='this.blur();' href="javascript:showTestDetail('div_ft1.90')" >
        error</a>

    <div id='div_ft1.90' class="popup_window">
        <div style='text-align: right; color:red;cursor:pointer'>
        <a onfocus='this.blur();' onclick="document.getElementById('div_ft1.90').style.display = 'none' " >
           [x]</a>
        </div>
        <pre>
        
ft1.90: ImportError: Failed to import test module: Test_65
Traceback (most recent call last):
  File "C:\Python38\lib\unittest\loader.py", line 436, in _find_test_path
    module = self._get_module_from_name(name)
  File "C:\Python38\lib\unittest\loader.py", line 377, in _get_module_from_name
    __import__(name)
  File "C:\Users\jiang\PycharmProjects\AndroiUiaotomator\Test\Testcase\Test_65.py", line 1
    '''
    ^
SyntaxError: (unicode error) 'utf-8' codec can't decode byte 0xb2 in position 44: invalid start byte



        </pre>
    </div>
    <!--css div popup end-->

    </td>
</tr>

<tr id='ft1.91' class='none'>
    <td class='errorCase'><div class='testcase'>Test_66</div></td>
    <td colspan='5' align='center'>

    <!--css div popup start-->
    <a class="popup_link" onfocus='this.blur();' href="javascript:showTestDetail('div_ft1.91')" >
        error</a>

    <div id='div_ft1.91' class="popup_window">
        <div style='text-align: right; color:red;cursor:pointer'>
        <a onfocus='this.blur();' onclick="document.getElementById('div_ft1.91').style.display = 'none' " >
           [x]</a>
        </div>
        <pre>
        
ft1.91: ImportError: Failed to import test module: Test_66
Traceback (most recent call last):
  File "C:\Python38\lib\unittest\loader.py", line 436, in _find_test_path
    module = self._get_module_from_name(name)
  File "C:\Python38\lib\unittest\loader.py", line 377, in _get_module_from_name
    __import__(name)
  File "C:\Users\jiang\PycharmProjects\AndroiUiaotomator\Test\Testcase\Test_66.py", line 1
    '''
    ^
SyntaxError: (unicode error) 'utf-8' codec can't decode byte 0xb2 in position 44: invalid start byte



        </pre>
    </div>
    <!--css div popup end-->

    </td>
</tr>

<tr id='ft1.92' class='none'>
    <td class='errorCase'><div class='testcase'>Test_67</div></td>
    <td colspan='5' align='center'>

    <!--css div popup start-->
    <a class="popup_link" onfocus='this.blur();' href="javascript:showTestDetail('div_ft1.92')" >
        error</a>

    <div id='div_ft1.92' class="popup_window">
        <div style='text-align: right; color:red;cursor:pointer'>
        <a onfocus='this.blur();' onclick="document.getElementById('div_ft1.92').style.display = 'none' " >
           [x]</a>
        </div>
        <pre>
        
ft1.92: ImportError: Failed to import test module: Test_67
Traceback (most recent call last):
  File "C:\Python38\lib\unittest\loader.py", line 436, in _find_test_path
    module = self._get_module_from_name(name)
  File "C:\Python38\lib\unittest\loader.py", line 377, in _get_module_from_name
    __import__(name)
  File "C:\Users\jiang\PycharmProjects\AndroiUiaotomator\Test\Testcase\Test_67.py", line 1
    '''
    ^
SyntaxError: (unicode error) 'utf-8' codec can't decode byte 0xb2 in position 44: invalid start byte



        </pre>
    </div>
    <!--css div popup end-->

    </td>
</tr>

<tr id='ft1.93' class='none'>
    <td class='errorCase'><div class='testcase'>Test_68</div></td>
    <td colspan='5' align='center'>

    <!--css div popup start-->
    <a class="popup_link" onfocus='this.blur();' href="javascript:showTestDetail('div_ft1.93')" >
        error</a>

    <div id='div_ft1.93' class="popup_window">
        <div style='text-align: right; color:red;cursor:pointer'>
        <a onfocus='this.blur();' onclick="document.getElementById('div_ft1.93').style.display = 'none' " >
           [x]</a>
        </div>
        <pre>
        
ft1.93: ImportError: Failed to import test module: Test_68
Traceback (most recent call last):
  File "C:\Python38\lib\unittest\loader.py", line 436, in _find_test_path
    module = self._get_module_from_name(name)
  File "C:\Python38\lib\unittest\loader.py", line 377, in _get_module_from_name
    __import__(name)
  File "C:\Users\jiang\PycharmProjects\AndroiUiaotomator\Test\Testcase\Test_68.py", line 1
    '''
    ^
SyntaxError: (unicode error) 'utf-8' codec can't decode byte 0xb2 in position 44: invalid start byte



        </pre>
    </div>
    <!--css div popup end-->

    </td>
</tr>

<tr id='ft1.94' class='none'>
    <td class='errorCase'><div class='testcase'>Test_69</div></td>
    <td colspan='5' align='center'>

    <!--css div popup start-->
    <a class="popup_link" onfocus='this.blur();' href="javascript:showTestDetail('div_ft1.94')" >
        error</a>

    <div id='div_ft1.94' class="popup_window">
        <div style='text-align: right; color:red;cursor:pointer'>
        <a onfocus='this.blur();' onclick="document.getElementById('div_ft1.94').style.display = 'none' " >
           [x]</a>
        </div>
        <pre>
        
ft1.94: ImportError: Failed to import test module: Test_69
Traceback (most recent call last):
  File "C:\Python38\lib\unittest\loader.py", line 436, in _find_test_path
    module = self._get_module_from_name(name)
  File "C:\Python38\lib\unittest\loader.py", line 377, in _get_module_from_name
    __import__(name)
  File "C:\Users\jiang\PycharmProjects\AndroiUiaotomator\Test\Testcase\Test_69.py", line 1
    '''
    ^
SyntaxError: (unicode error) 'utf-8' codec can't decode byte 0xb2 in position 44: invalid start byte



        </pre>
    </div>
    <!--css div popup end-->

    </td>
</tr>

<tr id='ft1.95' class='none'>
    <td class='errorCase'><div class='testcase'>Test_7</div></td>
    <td colspan='5' align='center'>

    <!--css div popup start-->
    <a class="popup_link" onfocus='this.blur();' href="javascript:showTestDetail('div_ft1.95')" >
        error</a>

    <div id='div_ft1.95' class="popup_window">
        <div style='text-align: right; color:red;cursor:pointer'>
        <a onfocus='this.blur();' onclick="document.getElementById('div_ft1.95').style.display = 'none' " >
           [x]</a>
        </div>
        <pre>
        
ft1.95: ImportError: Failed to import test module: Test_7
Traceback (most recent call last):
  File "C:\Python38\lib\unittest\loader.py", line 436, in _find_test_path
    module = self._get_module_from_name(name)
  File "C:\Python38\lib\unittest\loader.py", line 377, in _get_module_from_name
    __import__(name)
  File "C:\Users\jiang\PycharmProjects\AndroiUiaotomator\Test\Testcase\Test_7.py", line 1
    '''
    ^
SyntaxError: (unicode error) 'utf-8' codec can't decode byte 0xb2 in position 44: invalid start byte



        </pre>
    </div>
    <!--css div popup end-->

    </td>
</tr>

<tr id='ft1.96' class='none'>
    <td class='errorCase'><div class='testcase'>Test_70</div></td>
    <td colspan='5' align='center'>

    <!--css div popup start-->
    <a class="popup_link" onfocus='this.blur();' href="javascript:showTestDetail('div_ft1.96')" >
        error</a>

    <div id='div_ft1.96' class="popup_window">
        <div style='text-align: right; color:red;cursor:pointer'>
        <a onfocus='this.blur();' onclick="document.getElementById('div_ft1.96').style.display = 'none' " >
           [x]</a>
        </div>
        <pre>
        
ft1.96: ImportError: Failed to import test module: Test_70
Traceback (most recent call last):
  File "C:\Python38\lib\unittest\loader.py", line 436, in _find_test_path
    module = self._get_module_from_name(name)
  File "C:\Python38\lib\unittest\loader.py", line 377, in _get_module_from_name
    __import__(name)
  File "C:\Users\jiang\PycharmProjects\AndroiUiaotomator\Test\Testcase\Test_70.py", line 1
    '''
    ^
SyntaxError: (unicode error) 'utf-8' codec can't decode byte 0xb2 in position 44: invalid start byte



        </pre>
    </div>
    <!--css div popup end-->

    </td>
</tr>

<tr id='ft1.97' class='none'>
    <td class='errorCase'><div class='testcase'>Test_71</div></td>
    <td colspan='5' align='center'>

    <!--css div popup start-->
    <a class="popup_link" onfocus='this.blur();' href="javascript:showTestDetail('div_ft1.97')" >
        error</a>

    <div id='div_ft1.97' class="popup_window">
        <div style='text-align: right; color:red;cursor:pointer'>
        <a onfocus='this.blur();' onclick="document.getElementById('div_ft1.97').style.display = 'none' " >
           [x]</a>
        </div>
        <pre>
        
ft1.97: ImportError: Failed to import test module: Test_71
Traceback (most recent call last):
  File "C:\Python38\lib\unittest\loader.py", line 436, in _find_test_path
    module = self._get_module_from_name(name)
  File "C:\Python38\lib\unittest\loader.py", line 377, in _get_module_from_name
    __import__(name)
  File "C:\Users\jiang\PycharmProjects\AndroiUiaotomator\Test\Testcase\Test_71.py", line 1
    '''
    ^
SyntaxError: (unicode error) 'utf-8' codec can't decode byte 0xb2 in position 44: invalid start byte



        </pre>
    </div>
    <!--css div popup end-->

    </td>
</tr>

<tr id='ft1.98' class='none'>
    <td class='errorCase'><div class='testcase'>Test_72</div></td>
    <td colspan='5' align='center'>

    <!--css div popup start-->
    <a class="popup_link" onfocus='this.blur();' href="javascript:showTestDetail('div_ft1.98')" >
        error</a>

    <div id='div_ft1.98' class="popup_window">
        <div style='text-align: right; color:red;cursor:pointer'>
        <a onfocus='this.blur();' onclick="document.getElementById('div_ft1.98').style.display = 'none' " >
           [x]</a>
        </div>
        <pre>
        
ft1.98: ImportError: Failed to import test module: Test_72
Traceback (most recent call last):
  File "C:\Python38\lib\unittest\loader.py", line 436, in _find_test_path
    module = self._get_module_from_name(name)
  File "C:\Python38\lib\unittest\loader.py", line 377, in _get_module_from_name
    __import__(name)
  File "C:\Users\jiang\PycharmProjects\AndroiUiaotomator\Test\Testcase\Test_72.py", line 1
    '''
    ^
SyntaxError: (unicode error) 'utf-8' codec can't decode byte 0xb2 in position 44: invalid start byte



        </pre>
    </div>
    <!--css div popup end-->

    </td>
</tr>

<tr id='ft1.99' class='none'>
    <td class='errorCase'><div class='testcase'>Test_73</div></td>
    <td colspan='5' align='center'>

    <!--css div popup start-->
    <a class="popup_link" onfocus='this.blur();' href="javascript:showTestDetail('div_ft1.99')" >
        error</a>

    <div id='div_ft1.99' class="popup_window">
        <div style='text-align: right; color:red;cursor:pointer'>
        <a onfocus='this.blur();' onclick="document.getElementById('div_ft1.99').style.display = 'none' " >
           [x]</a>
        </div>
        <pre>
        
ft1.99: ImportError: Failed to import test module: Test_73
Traceback (most recent call last):
  File "C:\Python38\lib\unittest\loader.py", line 436, in _find_test_path
    module = self._get_module_from_name(name)
  File "C:\Python38\lib\unittest\loader.py", line 377, in _get_module_from_name
    __import__(name)
  File "C:\Users\jiang\PycharmProjects\AndroiUiaotomator\Test\Testcase\Test_73.py", line 1
    '''
    ^
SyntaxError: (unicode error) 'utf-8' codec can't decode byte 0xb2 in position 44: invalid start byte



        </pre>
    </div>
    <!--css div popup end-->

    </td>
</tr>

<tr id='ft1.100' class='none'>
    <td class='errorCase'><div class='testcase'>Test_74</div></td>
    <td colspan='5' align='center'>

    <!--css div popup start-->
    <a class="popup_link" onfocus='this.blur();' href="javascript:showTestDetail('div_ft1.100')" >
        error</a>

    <div id='div_ft1.100' class="popup_window">
        <div style='text-align: right; color:red;cursor:pointer'>
        <a onfocus='this.blur();' onclick="document.getElementById('div_ft1.100').style.display = 'none' " >
           [x]</a>
        </div>
        <pre>
        
ft1.100: ImportError: Failed to import test module: Test_74
Traceback (most recent call last):
  File "C:\Python38\lib\unittest\loader.py", line 436, in _find_test_path
    module = self._get_module_from_name(name)
  File "C:\Python38\lib\unittest\loader.py", line 377, in _get_module_from_name
    __import__(name)
  File "C:\Users\jiang\PycharmProjects\AndroiUiaotomator\Test\Testcase\Test_74.py", line 1
    '''
    ^
SyntaxError: (unicode error) 'utf-8' codec can't decode byte 0xb2 in position 44: invalid start byte



        </pre>
    </div>
    <!--css div popup end-->

    </td>
</tr>

<tr id='ft1.101' class='none'>
    <td class='errorCase'><div class='testcase'>Test_75</div></td>
    <td colspan='5' align='center'>

    <!--css div popup start-->
    <a class="popup_link" onfocus='this.blur();' href="javascript:showTestDetail('div_ft1.101')" >
        error</a>

    <div id='div_ft1.101' class="popup_window">
        <div style='text-align: right; color:red;cursor:pointer'>
        <a onfocus='this.blur();' onclick="document.getElementById('div_ft1.101').style.display = 'none' " >
           [x]</a>
        </div>
        <pre>
        
ft1.101: ImportError: Failed to import test module: Test_75
Traceback (most recent call last):
  File "C:\Python38\lib\unittest\loader.py", line 436, in _find_test_path
    module = self._get_module_from_name(name)
  File "C:\Python38\lib\unittest\loader.py", line 377, in _get_module_from_name
    __import__(name)
  File "C:\Users\jiang\PycharmProjects\AndroiUiaotomator\Test\Testcase\Test_75.py", line 1
    '''
    ^
SyntaxError: (unicode error) 'utf-8' codec can't decode byte 0xb2 in position 44: invalid start byte



        </pre>
    </div>
    <!--css div popup end-->

    </td>
</tr>

<tr id='ft1.102' class='none'>
    <td class='errorCase'><div class='testcase'>Test_77</div></td>
    <td colspan='5' align='center'>

    <!--css div popup start-->
    <a class="popup_link" onfocus='this.blur();' href="javascript:showTestDetail('div_ft1.102')" >
        error</a>

    <div id='div_ft1.102' class="popup_window">
        <div style='text-align: right; color:red;cursor:pointer'>
        <a onfocus='this.blur();' onclick="document.getElementById('div_ft1.102').style.display = 'none' " >
           [x]</a>
        </div>
        <pre>
        
ft1.102: ImportError: Failed to import test module: Test_77
Traceback (most recent call last):
  File "C:\Python38\lib\unittest\loader.py", line 436, in _find_test_path
    module = self._get_module_from_name(name)
  File "C:\Python38\lib\unittest\loader.py", line 377, in _get_module_from_name
    __import__(name)
  File "C:\Users\jiang\PycharmProjects\AndroiUiaotomator\Test\Testcase\Test_77.py", line 1
    '''
    ^
SyntaxError: (unicode error) 'utf-8' codec can't decode byte 0xb2 in position 44: invalid start byte



        </pre>
    </div>
    <!--css div popup end-->

    </td>
</tr>

<tr id='ft1.103' class='none'>
    <td class='errorCase'><div class='testcase'>Test_78</div></td>
    <td colspan='5' align='center'>

    <!--css div popup start-->
    <a class="popup_link" onfocus='this.blur();' href="javascript:showTestDetail('div_ft1.103')" >
        error</a>

    <div id='div_ft1.103' class="popup_window">
        <div style='text-align: right; color:red;cursor:pointer'>
        <a onfocus='this.blur();' onclick="document.getElementById('div_ft1.103').style.display = 'none' " >
           [x]</a>
        </div>
        <pre>
        
ft1.103: ImportError: Failed to import test module: Test_78
Traceback (most recent call last):
  File "C:\Python38\lib\unittest\loader.py", line 436, in _find_test_path
    module = self._get_module_from_name(name)
  File "C:\Python38\lib\unittest\loader.py", line 377, in _get_module_from_name
    __import__(name)
  File "C:\Users\jiang\PycharmProjects\AndroiUiaotomator\Test\Testcase\Test_78.py", line 1
    '''
    ^
SyntaxError: (unicode error) 'utf-8' codec can't decode byte 0xb2 in position 44: invalid start byte



        </pre>
    </div>
    <!--css div popup end-->

    </td>
</tr>

<tr id='ft1.104' class='none'>
    <td class='errorCase'><div class='testcase'>Test_79</div></td>
    <td colspan='5' align='center'>

    <!--css div popup start-->
    <a class="popup_link" onfocus='this.blur();' href="javascript:showTestDetail('div_ft1.104')" >
        error</a>

    <div id='div_ft1.104' class="popup_window">
        <div style='text-align: right; color:red;cursor:pointer'>
        <a onfocus='this.blur();' onclick="document.getElementById('div_ft1.104').style.display = 'none' " >
           [x]</a>
        </div>
        <pre>
        
ft1.104: ImportError: Failed to import test module: Test_79
Traceback (most recent call last):
  File "C:\Python38\lib\unittest\loader.py", line 436, in _find_test_path
    module = self._get_module_from_name(name)
  File "C:\Python38\lib\unittest\loader.py", line 377, in _get_module_from_name
    __import__(name)
  File "C:\Users\jiang\PycharmProjects\AndroiUiaotomator\Test\Testcase\Test_79.py", line 1
    '''
    ^
SyntaxError: (unicode error) 'utf-8' codec can't decode byte 0xb2 in position 44: invalid start byte



        </pre>
    </div>
    <!--css div popup end-->

    </td>
</tr>

<tr id='ft1.105' class='none'>
    <td class='errorCase'><div class='testcase'>Test_8</div></td>
    <td colspan='5' align='center'>

    <!--css div popup start-->
    <a class="popup_link" onfocus='this.blur();' href="javascript:showTestDetail('div_ft1.105')" >
        error</a>

    <div id='div_ft1.105' class="popup_window">
        <div style='text-align: right; color:red;cursor:pointer'>
        <a onfocus='this.blur();' onclick="document.getElementById('div_ft1.105').style.display = 'none' " >
           [x]</a>
        </div>
        <pre>
        
ft1.105: ImportError: Failed to import test module: Test_8
Traceback (most recent call last):
  File "C:\Python38\lib\unittest\loader.py", line 436, in _find_test_path
    module = self._get_module_from_name(name)
  File "C:\Python38\lib\unittest\loader.py", line 377, in _get_module_from_name
    __import__(name)
  File "C:\Users\jiang\PycharmProjects\AndroiUiaotomator\Test\Testcase\Test_8.py", line 1
    '''
    ^
SyntaxError: (unicode error) 'utf-8' codec can't decode byte 0xb2 in position 44: invalid start byte



        </pre>
    </div>
    <!--css div popup end-->

    </td>
</tr>

<tr id='ft1.106' class='none'>
    <td class='errorCase'><div class='testcase'>Test_80</div></td>
    <td colspan='5' align='center'>

    <!--css div popup start-->
    <a class="popup_link" onfocus='this.blur();' href="javascript:showTestDetail('div_ft1.106')" >
        error</a>

    <div id='div_ft1.106' class="popup_window">
        <div style='text-align: right; color:red;cursor:pointer'>
        <a onfocus='this.blur();' onclick="document.getElementById('div_ft1.106').style.display = 'none' " >
           [x]</a>
        </div>
        <pre>
        
ft1.106: ImportError: Failed to import test module: Test_80
Traceback (most recent call last):
  File "C:\Python38\lib\unittest\loader.py", line 436, in _find_test_path
    module = self._get_module_from_name(name)
  File "C:\Python38\lib\unittest\loader.py", line 377, in _get_module_from_name
    __import__(name)
  File "C:\Users\jiang\PycharmProjects\AndroiUiaotomator\Test\Testcase\Test_80.py", line 1
    '''
    ^
SyntaxError: (unicode error) 'utf-8' codec can't decode byte 0xb2 in position 44: invalid start byte



        </pre>
    </div>
    <!--css div popup end-->

    </td>
</tr>

<tr id='ft1.107' class='none'>
    <td class='errorCase'><div class='testcase'>Test_81</div></td>
    <td colspan='5' align='center'>

    <!--css div popup start-->
    <a class="popup_link" onfocus='this.blur();' href="javascript:showTestDetail('div_ft1.107')" >
        error</a>

    <div id='div_ft1.107' class="popup_window">
        <div style='text-align: right; color:red;cursor:pointer'>
        <a onfocus='this.blur();' onclick="document.getElementById('div_ft1.107').style.display = 'none' " >
           [x]</a>
        </div>
        <pre>
        
ft1.107: ImportError: Failed to import test module: Test_81
Traceback (most recent call last):
  File "C:\Python38\lib\unittest\loader.py", line 436, in _find_test_path
    module = self._get_module_from_name(name)
  File "C:\Python38\lib\unittest\loader.py", line 377, in _get_module_from_name
    __import__(name)
  File "C:\Users\jiang\PycharmProjects\AndroiUiaotomator\Test\Testcase\Test_81.py", line 1
    '''
    ^
SyntaxError: (unicode error) 'utf-8' codec can't decode byte 0xb2 in position 44: invalid start byte



        </pre>
    </div>
    <!--css div popup end-->

    </td>
</tr>

<tr id='ft1.108' class='none'>
    <td class='errorCase'><div class='testcase'>Test_82</div></td>
    <td colspan='5' align='center'>

    <!--css div popup start-->
    <a class="popup_link" onfocus='this.blur();' href="javascript:showTestDetail('div_ft1.108')" >
        error</a>

    <div id='div_ft1.108' class="popup_window">
        <div style='text-align: right; color:red;cursor:pointer'>
        <a onfocus='this.blur();' onclick="document.getElementById('div_ft1.108').style.display = 'none' " >
           [x]</a>
        </div>
        <pre>
        
ft1.108: ImportError: Failed to import test module: Test_82
Traceback (most recent call last):
  File "C:\Python38\lib\unittest\loader.py", line 436, in _find_test_path
    module = self._get_module_from_name(name)
  File "C:\Python38\lib\unittest\loader.py", line 377, in _get_module_from_name
    __import__(name)
  File "C:\Users\jiang\PycharmProjects\AndroiUiaotomator\Test\Testcase\Test_82.py", line 1
    '''
    ^
SyntaxError: (unicode error) 'utf-8' codec can't decode byte 0xb2 in position 44: invalid start byte



        </pre>
    </div>
    <!--css div popup end-->

    </td>
</tr>

<tr id='ft1.109' class='none'>
    <td class='errorCase'><div class='testcase'>Test_83</div></td>
    <td colspan='5' align='center'>

    <!--css div popup start-->
    <a class="popup_link" onfocus='this.blur();' href="javascript:showTestDetail('div_ft1.109')" >
        error</a>

    <div id='div_ft1.109' class="popup_window">
        <div style='text-align: right; color:red;cursor:pointer'>
        <a onfocus='this.blur();' onclick="document.getElementById('div_ft1.109').style.display = 'none' " >
           [x]</a>
        </div>
        <pre>
        
ft1.109: ImportError: Failed to import test module: Test_83
Traceback (most recent call last):
  File "C:\Python38\lib\unittest\loader.py", line 436, in _find_test_path
    module = self._get_module_from_name(name)
  File "C:\Python38\lib\unittest\loader.py", line 377, in _get_module_from_name
    __import__(name)
  File "C:\Users\jiang\PycharmProjects\AndroiUiaotomator\Test\Testcase\Test_83.py", line 1
    '''
    ^
SyntaxError: (unicode error) 'utf-8' codec can't decode byte 0xb2 in position 44: invalid start byte



        </pre>
    </div>
    <!--css div popup end-->

    </td>
</tr>

<tr id='ft1.110' class='none'>
    <td class='errorCase'><div class='testcase'>Test_84</div></td>
    <td colspan='5' align='center'>

    <!--css div popup start-->
    <a class="popup_link" onfocus='this.blur();' href="javascript:showTestDetail('div_ft1.110')" >
        error</a>

    <div id='div_ft1.110' class="popup_window">
        <div style='text-align: right; color:red;cursor:pointer'>
        <a onfocus='this.blur();' onclick="document.getElementById('div_ft1.110').style.display = 'none' " >
           [x]</a>
        </div>
        <pre>
        
ft1.110: ImportError: Failed to import test module: Test_84
Traceback (most recent call last):
  File "C:\Python38\lib\unittest\loader.py", line 436, in _find_test_path
    module = self._get_module_from_name(name)
  File "C:\Python38\lib\unittest\loader.py", line 377, in _get_module_from_name
    __import__(name)
  File "C:\Users\jiang\PycharmProjects\AndroiUiaotomator\Test\Testcase\Test_84.py", line 1
    '''
    ^
SyntaxError: (unicode error) 'utf-8' codec can't decode byte 0xb2 in position 44: invalid start byte



        </pre>
    </div>
    <!--css div popup end-->

    </td>
</tr>

<tr id='ft1.111' class='none'>
    <td class='errorCase'><div class='testcase'>Test_85</div></td>
    <td colspan='5' align='center'>

    <!--css div popup start-->
    <a class="popup_link" onfocus='this.blur();' href="javascript:showTestDetail('div_ft1.111')" >
        error</a>

    <div id='div_ft1.111' class="popup_window">
        <div style='text-align: right; color:red;cursor:pointer'>
        <a onfocus='this.blur();' onclick="document.getElementById('div_ft1.111').style.display = 'none' " >
           [x]</a>
        </div>
        <pre>
        
ft1.111: ImportError: Failed to import test module: Test_85
Traceback (most recent call last):
  File "C:\Python38\lib\unittest\loader.py", line 436, in _find_test_path
    module = self._get_module_from_name(name)
  File "C:\Python38\lib\unittest\loader.py", line 377, in _get_module_from_name
    __import__(name)
  File "C:\Users\jiang\PycharmProjects\AndroiUiaotomator\Test\Testcase\Test_85.py", line 1
    '''
    ^
SyntaxError: (unicode error) 'utf-8' codec can't decode byte 0xb2 in position 44: invalid start byte



        </pre>
    </div>
    <!--css div popup end-->

    </td>
</tr>

<tr id='ft1.112' class='none'>
    <td class='errorCase'><div class='testcase'>Test_86</div></td>
    <td colspan='5' align='center'>

    <!--css div popup start-->
    <a class="popup_link" onfocus='this.blur();' href="javascript:showTestDetail('div_ft1.112')" >
        error</a>

    <div id='div_ft1.112' class="popup_window">
        <div style='text-align: right; color:red;cursor:pointer'>
        <a onfocus='this.blur();' onclick="document.getElementById('div_ft1.112').style.display = 'none' " >
           [x]</a>
        </div>
        <pre>
        
ft1.112: ImportError: Failed to import test module: Test_86
Traceback (most recent call last):
  File "C:\Python38\lib\unittest\loader.py", line 436, in _find_test_path
    module = self._get_module_from_name(name)
  File "C:\Python38\lib\unittest\loader.py", line 377, in _get_module_from_name
    __import__(name)
  File "C:\Users\jiang\PycharmProjects\AndroiUiaotomator\Test\Testcase\Test_86.py", line 1
    '''
    ^
SyntaxError: (unicode error) 'utf-8' codec can't decode byte 0xb2 in position 44: invalid start byte



        </pre>
    </div>
    <!--css div popup end-->

    </td>
</tr>

<tr id='ft1.113' class='none'>
    <td class='errorCase'><div class='testcase'>Test_87</div></td>
    <td colspan='5' align='center'>

    <!--css div popup start-->
    <a class="popup_link" onfocus='this.blur();' href="javascript:showTestDetail('div_ft1.113')" >
        error</a>

    <div id='div_ft1.113' class="popup_window">
        <div style='text-align: right; color:red;cursor:pointer'>
        <a onfocus='this.blur();' onclick="document.getElementById('div_ft1.113').style.display = 'none' " >
           [x]</a>
        </div>
        <pre>
        
ft1.113: ImportError: Failed to import test module: Test_87
Traceback (most recent call last):
  File "C:\Python38\lib\unittest\loader.py", line 436, in _find_test_path
    module = self._get_module_from_name(name)
  File "C:\Python38\lib\unittest\loader.py", line 377, in _get_module_from_name
    __import__(name)
  File "C:\Users\jiang\PycharmProjects\AndroiUiaotomator\Test\Testcase\Test_87.py", line 1
    '''
    ^
SyntaxError: (unicode error) 'utf-8' codec can't decode byte 0xb2 in position 44: invalid start byte



        </pre>
    </div>
    <!--css div popup end-->

    </td>
</tr>

<tr id='ft1.114' class='none'>
    <td class='errorCase'><div class='testcase'>Test_88</div></td>
    <td colspan='5' align='center'>

    <!--css div popup start-->
    <a class="popup_link" onfocus='this.blur();' href="javascript:showTestDetail('div_ft1.114')" >
        error</a>

    <div id='div_ft1.114' class="popup_window">
        <div style='text-align: right; color:red;cursor:pointer'>
        <a onfocus='this.blur();' onclick="document.getElementById('div_ft1.114').style.display = 'none' " >
           [x]</a>
        </div>
        <pre>
        
ft1.114: ImportError: Failed to import test module: Test_88
Traceback (most recent call last):
  File "C:\Python38\lib\unittest\loader.py", line 436, in _find_test_path
    module = self._get_module_from_name(name)
  File "C:\Python38\lib\unittest\loader.py", line 377, in _get_module_from_name
    __import__(name)
  File "C:\Users\jiang\PycharmProjects\AndroiUiaotomator\Test\Testcase\Test_88.py", line 1
    '''
    ^
SyntaxError: (unicode error) 'utf-8' codec can't decode byte 0xb2 in position 44: invalid start byte



        </pre>
    </div>
    <!--css div popup end-->

    </td>
</tr>

<tr id='ft1.115' class='none'>
    <td class='errorCase'><div class='testcase'>Test_89</div></td>
    <td colspan='5' align='center'>

    <!--css div popup start-->
    <a class="popup_link" onfocus='this.blur();' href="javascript:showTestDetail('div_ft1.115')" >
        error</a>

    <div id='div_ft1.115' class="popup_window">
        <div style='text-align: right; color:red;cursor:pointer'>
        <a onfocus='this.blur();' onclick="document.getElementById('div_ft1.115').style.display = 'none' " >
           [x]</a>
        </div>
        <pre>
        
ft1.115: ImportError: Failed to import test module: Test_89
Traceback (most recent call last):
  File "C:\Python38\lib\unittest\loader.py", line 436, in _find_test_path
    module = self._get_module_from_name(name)
  File "C:\Python38\lib\unittest\loader.py", line 377, in _get_module_from_name
    __import__(name)
  File "C:\Users\jiang\PycharmProjects\AndroiUiaotomator\Test\Testcase\Test_89.py", line 1
    '''
    ^
SyntaxError: (unicode error) 'utf-8' codec can't decode byte 0xb2 in position 44: invalid start byte



        </pre>
    </div>
    <!--css div popup end-->

    </td>
</tr>

<tr id='ft1.116' class='none'>
    <td class='errorCase'><div class='testcase'>Test_9</div></td>
    <td colspan='5' align='center'>

    <!--css div popup start-->
    <a class="popup_link" onfocus='this.blur();' href="javascript:showTestDetail('div_ft1.116')" >
        error</a>

    <div id='div_ft1.116' class="popup_window">
        <div style='text-align: right; color:red;cursor:pointer'>
        <a onfocus='this.blur();' onclick="document.getElementById('div_ft1.116').style.display = 'none' " >
           [x]</a>
        </div>
        <pre>
        
ft1.116: ImportError: Failed to import test module: Test_9
Traceback (most recent call last):
  File "C:\Python38\lib\unittest\loader.py", line 436, in _find_test_path
    module = self._get_module_from_name(name)
  File "C:\Python38\lib\unittest\loader.py", line 377, in _get_module_from_name
    __import__(name)
  File "C:\Users\jiang\PycharmProjects\AndroiUiaotomator\Test\Testcase\Test_9.py", line 1
    '''
    ^
SyntaxError: (unicode error) 'utf-8' codec can't decode byte 0xb2 in position 44: invalid start byte



        </pre>
    </div>
    <!--css div popup end-->

    </td>
</tr>

<tr id='ft1.117' class='none'>
    <td class='errorCase'><div class='testcase'>Test_90</div></td>
    <td colspan='5' align='center'>

    <!--css div popup start-->
    <a class="popup_link" onfocus='this.blur();' href="javascript:showTestDetail('div_ft1.117')" >
        error</a>

    <div id='div_ft1.117' class="popup_window">
        <div style='text-align: right; color:red;cursor:pointer'>
        <a onfocus='this.blur();' onclick="document.getElementById('div_ft1.117').style.display = 'none' " >
           [x]</a>
        </div>
        <pre>
        
ft1.117: ImportError: Failed to import test module: Test_90
Traceback (most recent call last):
  File "C:\Python38\lib\unittest\loader.py", line 436, in _find_test_path
    module = self._get_module_from_name(name)
  File "C:\Python38\lib\unittest\loader.py", line 377, in _get_module_from_name
    __import__(name)
  File "C:\Users\jiang\PycharmProjects\AndroiUiaotomator\Test\Testcase\Test_90.py", line 1
    '''
    ^
SyntaxError: (unicode error) 'utf-8' codec can't decode byte 0xb2 in position 44: invalid start byte



        </pre>
    </div>
    <!--css div popup end-->

    </td>
</tr>

<tr id='ft1.118' class='none'>
    <td class='errorCase'><div class='testcase'>Test_91</div></td>
    <td colspan='5' align='center'>

    <!--css div popup start-->
    <a class="popup_link" onfocus='this.blur();' href="javascript:showTestDetail('div_ft1.118')" >
        error</a>

    <div id='div_ft1.118' class="popup_window">
        <div style='text-align: right; color:red;cursor:pointer'>
        <a onfocus='this.blur();' onclick="document.getElementById('div_ft1.118').style.display = 'none' " >
           [x]</a>
        </div>
        <pre>
        
ft1.118: ImportError: Failed to import test module: Test_91
Traceback (most recent call last):
  File "C:\Python38\lib\unittest\loader.py", line 436, in _find_test_path
    module = self._get_module_from_name(name)
  File "C:\Python38\lib\unittest\loader.py", line 377, in _get_module_from_name
    __import__(name)
  File "C:\Users\jiang\PycharmProjects\AndroiUiaotomator\Test\Testcase\Test_91.py", line 1
    '''
    ^
SyntaxError: (unicode error) 'utf-8' codec can't decode byte 0xb2 in position 44: invalid start byte



        </pre>
    </div>
    <!--css div popup end-->

    </td>
</tr>

<tr id='ft1.119' class='none'>
    <td class='errorCase'><div class='testcase'>Test_92</div></td>
    <td colspan='5' align='center'>

    <!--css div popup start-->
    <a class="popup_link" onfocus='this.blur();' href="javascript:showTestDetail('div_ft1.119')" >
        error</a>

    <div id='div_ft1.119' class="popup_window">
        <div style='text-align: right; color:red;cursor:pointer'>
        <a onfocus='this.blur();' onclick="document.getElementById('div_ft1.119').style.display = 'none' " >
           [x]</a>
        </div>
        <pre>
        
ft1.119: ImportError: Failed to import test module: Test_92
Traceback (most recent call last):
  File "C:\Python38\lib\unittest\loader.py", line 436, in _find_test_path
    module = self._get_module_from_name(name)
  File "C:\Python38\lib\unittest\loader.py", line 377, in _get_module_from_name
    __import__(name)
  File "C:\Users\jiang\PycharmProjects\AndroiUiaotomator\Test\Testcase\Test_92.py", line 1
    '''
    ^
SyntaxError: (unicode error) 'utf-8' codec can't decode byte 0xb2 in position 44: invalid start byte



        </pre>
    </div>
    <!--css div popup end-->

    </td>
</tr>

<tr id='ft1.120' class='none'>
    <td class='errorCase'><div class='testcase'>Test_93</div></td>
    <td colspan='5' align='center'>

    <!--css div popup start-->
    <a class="popup_link" onfocus='this.blur();' href="javascript:showTestDetail('div_ft1.120')" >
        error</a>

    <div id='div_ft1.120' class="popup_window">
        <div style='text-align: right; color:red;cursor:pointer'>
        <a onfocus='this.blur();' onclick="document.getElementById('div_ft1.120').style.display = 'none' " >
           [x]</a>
        </div>
        <pre>
        
ft1.120: ImportError: Failed to import test module: Test_93
Traceback (most recent call last):
  File "C:\Python38\lib\unittest\loader.py", line 436, in _find_test_path
    module = self._get_module_from_name(name)
  File "C:\Python38\lib\unittest\loader.py", line 377, in _get_module_from_name
    __import__(name)
  File "C:\Users\jiang\PycharmProjects\AndroiUiaotomator\Test\Testcase\Test_93.py", line 1
    '''
    ^
SyntaxError: (unicode error) 'utf-8' codec can't decode byte 0xb2 in position 44: invalid start byte



        </pre>
    </div>
    <!--css div popup end-->

    </td>
</tr>

<tr id='ft1.121' class='none'>
    <td class='errorCase'><div class='testcase'>Test_94</div></td>
    <td colspan='5' align='center'>

    <!--css div popup start-->
    <a class="popup_link" onfocus='this.blur();' href="javascript:showTestDetail('div_ft1.121')" >
        error</a>

    <div id='div_ft1.121' class="popup_window">
        <div style='text-align: right; color:red;cursor:pointer'>
        <a onfocus='this.blur();' onclick="document.getElementById('div_ft1.121').style.display = 'none' " >
           [x]</a>
        </div>
        <pre>
        
ft1.121: ImportError: Failed to import test module: Test_94
Traceback (most recent call last):
  File "C:\Python38\lib\unittest\loader.py", line 436, in _find_test_path
    module = self._get_module_from_name(name)
  File "C:\Python38\lib\unittest\loader.py", line 377, in _get_module_from_name
    __import__(name)
  File "C:\Users\jiang\PycharmProjects\AndroiUiaotomator\Test\Testcase\Test_94.py", line 1
    '''
    ^
SyntaxError: (unicode error) 'utf-8' codec can't decode byte 0xb2 in position 44: invalid start byte



        </pre>
    </div>
    <!--css div popup end-->

    </td>
</tr>

<tr id='ft1.122' class='none'>
    <td class='errorCase'><div class='testcase'>Test_95</div></td>
    <td colspan='5' align='center'>

    <!--css div popup start-->
    <a class="popup_link" onfocus='this.blur();' href="javascript:showTestDetail('div_ft1.122')" >
        error</a>

    <div id='div_ft1.122' class="popup_window">
        <div style='text-align: right; color:red;cursor:pointer'>
        <a onfocus='this.blur();' onclick="document.getElementById('div_ft1.122').style.display = 'none' " >
           [x]</a>
        </div>
        <pre>
        
ft1.122: ImportError: Failed to import test module: Test_95
Traceback (most recent call last):
  File "C:\Python38\lib\unittest\loader.py", line 436, in _find_test_path
    module = self._get_module_from_name(name)
  File "C:\Python38\lib\unittest\loader.py", line 377, in _get_module_from_name
    __import__(name)
  File "C:\Users\jiang\PycharmProjects\AndroiUiaotomator\Test\Testcase\Test_95.py", line 1
    '''
    ^
SyntaxError: (unicode error) 'utf-8' codec can't decode byte 0xb2 in position 44: invalid start byte



        </pre>
    </div>
    <!--css div popup end-->

    </td>
</tr>

<tr id='ft1.123' class='none'>
    <td class='errorCase'><div class='testcase'>Test_96</div></td>
    <td colspan='5' align='center'>

    <!--css div popup start-->
    <a class="popup_link" onfocus='this.blur();' href="javascript:showTestDetail('div_ft1.123')" >
        error</a>

    <div id='div_ft1.123' class="popup_window">
        <div style='text-align: right; color:red;cursor:pointer'>
        <a onfocus='this.blur();' onclick="document.getElementById('div_ft1.123').style.display = 'none' " >
           [x]</a>
        </div>
        <pre>
        
ft1.123: ImportError: Failed to import test module: Test_96
Traceback (most recent call last):
  File "C:\Python38\lib\unittest\loader.py", line 436, in _find_test_path
    module = self._get_module_from_name(name)
  File "C:\Python38\lib\unittest\loader.py", line 377, in _get_module_from_name
    __import__(name)
  File "C:\Users\jiang\PycharmProjects\AndroiUiaotomator\Test\Testcase\Test_96.py", line 1
    '''
    ^
SyntaxError: (unicode error) 'utf-8' codec can't decode byte 0xb2 in position 44: invalid start byte



        </pre>
    </div>
    <!--css div popup end-->

    </td>
</tr>

<tr id='ft1.124' class='none'>
    <td class='errorCase'><div class='testcase'>Test_97</div></td>
    <td colspan='5' align='center'>

    <!--css div popup start-->
    <a class="popup_link" onfocus='this.blur();' href="javascript:showTestDetail('div_ft1.124')" >
        error</a>

    <div id='div_ft1.124' class="popup_window">
        <div style='text-align: right; color:red;cursor:pointer'>
        <a onfocus='this.blur();' onclick="document.getElementById('div_ft1.124').style.display = 'none' " >
           [x]</a>
        </div>
        <pre>
        
ft1.124: ImportError: Failed to import test module: Test_97
Traceback (most recent call last):
  File "C:\Python38\lib\unittest\loader.py", line 436, in _find_test_path
    module = self._get_module_from_name(name)
  File "C:\Python38\lib\unittest\loader.py", line 377, in _get_module_from_name
    __import__(name)
  File "C:\Users\jiang\PycharmProjects\AndroiUiaotomator\Test\Testcase\Test_97.py", line 1
    '''
    ^
SyntaxError: (unicode error) 'utf-8' codec can't decode byte 0xb2 in position 44: invalid start byte



        </pre>
    </div>
    <!--css div popup end-->

    </td>
</tr>

<tr id='ft1.125' class='none'>
    <td class='errorCase'><div class='testcase'>Test_98</div></td>
    <td colspan='5' align='center'>

    <!--css div popup start-->
    <a class="popup_link" onfocus='this.blur();' href="javascript:showTestDetail('div_ft1.125')" >
        error</a>

    <div id='div_ft1.125' class="popup_window">
        <div style='text-align: right; color:red;cursor:pointer'>
        <a onfocus='this.blur();' onclick="document.getElementById('div_ft1.125').style.display = 'none' " >
           [x]</a>
        </div>
        <pre>
        
ft1.125: ImportError: Failed to import test module: Test_98
Traceback (most recent call last):
  File "C:\Python38\lib\unittest\loader.py", line 436, in _find_test_path
    module = self._get_module_from_name(name)
  File "C:\Python38\lib\unittest\loader.py", line 377, in _get_module_from_name
    __import__(name)
  File "C:\Users\jiang\PycharmProjects\AndroiUiaotomator\Test\Testcase\Test_98.py", line 1
    '''
    ^
SyntaxError: (unicode error) 'utf-8' codec can't decode byte 0xb2 in position 44: invalid start byte



        </pre>
    </div>
    <!--css div popup end-->

    </td>
</tr>

<tr id='ft1.126' class='none'>
    <td class='errorCase'><div class='testcase'>Test_99</div></td>
    <td colspan='5' align='center'>

    <!--css div popup start-->
    <a class="popup_link" onfocus='this.blur();' href="javascript:showTestDetail('div_ft1.126')" >
        error</a>

    <div id='div_ft1.126' class="popup_window">
        <div style='text-align: right; color:red;cursor:pointer'>
        <a onfocus='this.blur();' onclick="document.getElementById('div_ft1.126').style.display = 'none' " >
           [x]</a>
        </div>
        <pre>
        
ft1.126: ImportError: Failed to import test module: Test_99
Traceback (most recent call last):
  File "C:\Python38\lib\unittest\loader.py", line 436, in _find_test_path
    module = self._get_module_from_name(name)
  File "C:\Python38\lib\unittest\loader.py", line 377, in _get_module_from_name
    __import__(name)
  File "C:\Users\jiang\PycharmProjects\AndroiUiaotomator\Test\Testcase\Test_99.py", line 1
    '''
    ^
SyntaxError: (unicode error) 'utf-8' codec can't decode byte 0xb2 in position 44: invalid start byte



        </pre>
    </div>
    <!--css div popup end-->

    </td>
</tr>

<tr id='total_row'>
    <td>Total</td>
    <td>126</td>
    <td>0</td>
    <td>0</td>
    <td>126</td>
    <td>&nbsp;</td>
</tr>
</table>

<div id='ending'>&nbsp;</div>

</body>
</html>
